<?xml version="1.0" encoding="UTF-8"?>
<!-- Generated by org.testng.reporters.JUnitXMLReporter -->
<testsuite hostname="Nikhils-MacBook-Air.local" ignored="0" name="TestParamete2" tests="1" failures="1" timestamp="20 Jun 2019 03:22:05 GMT" time="0.034" errors="0">
  <testcase name="testBrowsers" time="0.0" classname="paralleltests.Paralleltestng">
    <failure type="org.testng.TestNGException" message="
Parameter &amp;apos;browsers&amp;apos; is required by @Test on method testBrowsers but has not been marked @Optional or defined
in /Users/nikhilkanojia/seleniumProject/TestNGExecution/parallel.xml">
      <![CDATA[org.testng.TestNGException: 
Parameter 'browsers' is required by @Test on method testBrowsers but has not been marked @Optional or defined
in /Users/nikhilkanojia/seleniumProject/TestNGExecution/parallel.xml
at java.util.concurrent.FutureTask.run(FutureTask.java:266)
at java.util.concurrent.ThreadPoolExecutor.runWorker(ThreadPoolExecutor.java:1149)
at java.util.concurrent.ThreadPoolExecutor$Worker.run(ThreadPoolExecutor.java:624)
at java.lang.Thread.run(Thread.java:748)
... Removed 15 stack frames]]>
    </failure>
  </testcase> <!-- testBrowsers -->
</testsuite> <!-- TestParamete2 -->
