<!DOCTYPE html>

<html>
  <head>
  <meta charset='utf-8'>
  <title>TestNG reports</title>

    <link type="text/css" href="testng-reports.css" rel="stylesheet" />
    <script type="text/javascript" src="jquery-1.7.1.min.js"></script>
    <script type="text/javascript" src="testng-reports.js"></script>
    <script type="text/javascript" src="https://www.google.com/jsapi"></script>
    <script type='text/javascript'>
      google.load('visualization', '1', {packages:['table']});
      google.setOnLoadCallback(drawTable);
      var suiteTableInitFunctions = new Array();
      var suiteTableData = new Array();
    </script>
    <!--
      <script type="text/javascript" src="jquery-ui/js/jquery-ui-1.8.16.custom.min.js"></script>
     -->
  </head>

  <body>
    <div class="top-banner-root">
      <span class="top-banner-title-font">Test results</span>
      <br/>
      <span class="top-banner-font-1">1 suite</span>
    </div> <!-- top-banner-root -->
    <div class="navigator-root">
      <div class="navigator-suite-header">
        <span>All suites</span>
        <a href="#" class="collapse-all-link" title="Collapse/expand all the suites">
          <img class="collapse-all-icon" src="collapseall.gif">
          </img> <!-- collapse-all-icon -->
        </a> <!-- collapse-all-link -->
      </div> <!-- navigator-suite-header -->
      <div class="suite">
        <div class="rounded-window">
          <div class="suite-header light-rounded-window-top">
            <a href="#" class="navigator-link" panel-name="suite-Environment_config_tsts">
              <span class="suite-name border-skipped">Environment config tsts</span>
            </a> <!-- navigator-link -->
          </div> <!-- suite-header light-rounded-window-top -->
          <div class="navigator-suite-content">
            <div class="suite-section-title">
              <span>Info</span>
            </div> <!-- suite-section-title -->
            <div class="suite-section-content">
              <ul>
                <li>
                  <a href="#" class="navigator-link " panel-name="test-xml-Environment_config_tsts">
                    <span>testng.xml</span>
                  </a> <!-- navigator-link  -->
                </li>
                <li>
                  <a href="#" class="navigator-link " panel-name="testlist-Environment_config_tsts">
                    <span class="test-stats">3 tests</span>
                  </a> <!-- navigator-link  -->
                </li>
                <li>
                  <a href="#" class="navigator-link " panel-name="group-Environment_config_tsts">
                    <span>1 group</span>
                  </a> <!-- navigator-link  -->
                </li>
                <li>
                  <a href="#" class="navigator-link " panel-name="times-Environment_config_tsts">
                    <span>Times</span>
                  </a> <!-- navigator-link  -->
                </li>
                <li>
                  <a href="#" class="navigator-link " panel-name="reporter-Environment_config_tsts">
                    <span>Reporter output</span>
                  </a> <!-- navigator-link  -->
                </li>
                <li>
                  <a href="#" class="navigator-link " panel-name="ignored-methods-Environment_config_tsts">
                    <span>Ignored methods</span>
                  </a> <!-- navigator-link  -->
                </li>
                <li>
                  <a href="#" class="navigator-link " panel-name="chronological-Environment_config_tsts">
                    <span>Chronological view</span>
                  </a> <!-- navigator-link  -->
                </li>
              </ul>
            </div> <!-- suite-section-content -->
            <div class="result-section">
              <div class="suite-section-title">
                <span>Results</span>
              </div> <!-- suite-section-title -->
              <div class="suite-section-content">
                <ul>
                  <li>
                    <span class="method-stats">3 methods,  3 skipped,  </span>
                  </li>
                  <li>
                    <span class="method-list-title skipped">Skipped methods</span>
                    <span class="show-or-hide-methods skipped">
                      <a href="#" panel-name="suite-Environment_config_tsts" class="hide-methods skipped suite-Environment_config_tsts"> (hide)</a> <!-- hide-methods skipped suite-Environment_config_tsts -->
                      <a href="#" panel-name="suite-Environment_config_tsts" class="show-methods skipped suite-Environment_config_tsts"> (show)</a> <!-- show-methods skipped suite-Environment_config_tsts -->
                    </span>
                    <div class="method-list-content skipped suite-Environment_config_tsts">
                      <span>
                        <img width="3%" src="skipped.png"/>
                        <a href="#" class="method navigator-link" panel-name="suite-Environment_config_tsts" title="testrunner.TestRunner" hash-for-method="run_scenario">run_scenario</a> <!-- method navigator-link -->
                      </span>
                      <br/>
                      <span>
                        <img width="3%" src="skipped.png"/>
                        <a href="#" class="method navigator-link" panel-name="suite-Environment_config_tsts" title="testrunner.TestRunner" hash-for-method="run_scenario">run_scenario</a> <!-- method navigator-link -->
                      </span>
                      <br/>
                      <span>
                        <img width="3%" src="skipped.png"/>
                        <a href="#" class="method navigator-link" panel-name="suite-Environment_config_tsts" title="testrunner.TestRunner" hash-for-method="run_scenario">run_scenario</a> <!-- method navigator-link -->
                      </span>
                      <br/>
                    </div> <!-- method-list-content skipped suite-Environment_config_tsts -->
                  </li>
                </ul>
              </div> <!-- suite-section-content -->
            </div> <!-- result-section -->
          </div> <!-- navigator-suite-content -->
        </div> <!-- rounded-window -->
      </div> <!-- suite -->
    </div> <!-- navigator-root -->
    <div class="wrapper">
      <div class="main-panel-root">
        <div panel-name="suite-Environment_config_tsts" class="panel Environment_config_tsts">
          <div class="suite-Environment_config_tsts-class-skipped">
            <div class="main-panel-header rounded-window-top">
              <img src="skipped.png"/>
              <span class="class-name">testrunner.TestRunner</span>
            </div> <!-- main-panel-header rounded-window-top -->
            <div class="main-panel-content rounded-window-bottom">
              <div class="method">
                <div class="method-content">
                  <a name="run_scenario">
                  </a> <!-- run_scenario -->
                  <span class="method-name">run_scenario</span>
                  <div class="stack-trace">java.lang.RuntimeException: org.openqa.selenium.SessionNotCreatedException: session not created: This version of ChromeDriver only supports Chrome version 80
Build info: version: &apos;3.11.0&apos;, revision: &apos;e59cfb3&apos;, time: &apos;2018-03-11T20:26:55.152Z&apos;
System info: host: &apos;Nikhils-MacBook-Air.local&apos;, ip: &apos;2406:7400:54:3143:b169:a006:3eab:4c1e%en0&apos;, os.name: &apos;Mac OS X&apos;, os.arch: &apos;x86_64&apos;, os.version: &apos;10.14.5&apos;, java.version: &apos;1.8.0_211&apos;
Driver info: driver.version: ChromeDriver
remote stacktrace: 0   chromedriver                        0x0000000104ea0329 chromedriver + 3838761
1   chromedriver                        0x0000000104e3a123 chromedriver + 3420451
2   chromedriver                        0x0000000104bae62f chromedriver + 751151
3   chromedriver                        0x0000000104b0ffa6 chromedriver + 102310
4   chromedriver                        0x0000000104b0bf7f chromedriver + 85887
5   chromedriver                        0x0000000104b3b473 chromedriver + 279667
6   chromedriver                        0x0000000104b382b3 chromedriver + 266931
7   chromedriver                        0x0000000104b120bd chromedriver + 110781
8   chromedriver                        0x0000000104b13055 chromedriver + 114773
9   chromedriver                        0x0000000104e61ebf chromedriver + 3583679
10  chromedriver                        0x0000000104e6ee4a chromedriver + 3636810
11  chromedriver                        0x0000000104e6ebe7 chromedriver + 3636199
12  chromedriver                        0x0000000104e45839 chromedriver + 3467321
13  chromedriver                        0x0000000104e6f707 chromedriver + 3639047
14  chromedriver                        0x0000000104e57cc7 chromedriver + 3542215
15  chromedriver                        0x0000000104e85324 chromedriver + 3728164
16  chromedriver                        0x0000000104ea6387 chromedriver + 3863431
17  libsystem_pthread.dylib             0x00007fff5e1342eb _pthread_body + 126
18  libsystem_pthread.dylib             0x00007fff5e137249 _pthread_start + 66
19  libsystem_pthread.dylib             0x00007fff5e13340d thread_start + 13

	at java.util.concurrent.FutureTask.run(FutureTask.java:266)
	at java.util.concurrent.ThreadPoolExecutor.runWorker(ThreadPoolExecutor.java:1149)
	at java.util.concurrent.ThreadPoolExecutor$Worker.run(ThreadPoolExecutor.java:624)
	at java.lang.Thread.run(Thread.java:748)
Caused by: org.openqa.selenium.SessionNotCreatedException: session not created: This version of ChromeDriver only supports Chrome version 80
Build info: version: &apos;3.11.0&apos;, revision: &apos;e59cfb3&apos;, time: &apos;2018-03-11T20:26:55.152Z&apos;
System info: host: &apos;Nikhils-MacBook-Air.local&apos;, ip: &apos;2406:7400:54:3143:b169:a006:3eab:4c1e%en0&apos;, os.name: &apos;Mac OS X&apos;, os.arch: &apos;x86_64&apos;, os.version: &apos;10.14.5&apos;, java.version: &apos;1.8.0_211&apos;
Driver info: driver.version: ChromeDriver
remote stacktrace: 0   chromedriver                        0x0000000104ea0329 chromedriver + 3838761
1   chromedriver                        0x0000000104e3a123 chromedriver + 3420451
2   chromedriver                        0x0000000104bae62f chromedriver + 751151
3   chromedriver                        0x0000000104b0ffa6 chromedriver + 102310
4   chromedriver                        0x0000000104b0bf7f chromedriver + 85887
5   chromedriver                        0x0000000104b3b473 chromedriver + 279667
6   chromedriver                        0x0000000104b382b3 chromedriver + 266931
7   chromedriver                        0x0000000104b120bd chromedriver + 110781
8   chromedriver                        0x0000000104b13055 chromedriver + 114773
9   chromedriver                        0x0000000104e61ebf chromedriver + 3583679
10  chromedriver                        0x0000000104e6ee4a chromedriver + 3636810
11  chromedriver                        0x0000000104e6ebe7 chromedriver + 3636199
12  chromedriver                        0x0000000104e45839 chromedriver + 3467321
13  chromedriver                        0x0000000104e6f707 chromedriver + 3639047
14  chromedriver                        0x0000000104e57cc7 chromedriver + 3542215
15  chromedriver                        0x0000000104e85324 chromedriver + 3728164
16  chromedriver                        0x0000000104ea6387 chromedriver + 3863431
17  libsystem_pthread.dylib             0x00007fff5e1342eb _pthread_body + 126
18  libsystem_pthread.dylib             0x00007fff5e137249 _pthread_start + 66
19  libsystem_pthread.dylib             0x00007fff5e13340d thread_start + 13

	at org.openqa.selenium.remote.W3CHandshakeResponse.lambda$new$0(W3CHandshakeResponse.java:57)
	at org.openqa.selenium.remote.W3CHandshakeResponse.lambda$getResponseFunction$2(W3CHandshakeResponse.java:104)
	at org.openqa.selenium.remote.ProtocolHandshake.lambda$createSession$0(ProtocolHandshake.java:123)
	at java.util.stream.ReferencePipeline$3$1.accept(ReferencePipeline.java:193)
	at java.util.Spliterators$ArraySpliterator.tryAdvance(Spliterators.java:958)
	at java.util.stream.ReferencePipeline.forEachWithCancel(ReferencePipeline.java:126)
	at java.util.stream.AbstractPipeline.copyIntoWithCancel(AbstractPipeline.java:498)
	at java.util.stream.AbstractPipeline.copyInto(AbstractPipeline.java:485)
	at java.util.stream.AbstractPipeline.wrapAndCopyInto(AbstractPipeline.java:471)
	at java.util.stream.FindOps$FindOp.evaluateSequential(FindOps.java:152)
	at java.util.stream.AbstractPipeline.evaluate(AbstractPipeline.java:234)
	at java.util.stream.ReferencePipeline.findFirst(ReferencePipeline.java:464)
	at org.openqa.selenium.remote.ProtocolHandshake.createSession(ProtocolHandshake.java:126)
	at org.openqa.selenium.remote.ProtocolHandshake.createSession(ProtocolHandshake.java:73)
	at org.openqa.selenium.remote.HttpCommandExecutor.execute(HttpCommandExecutor.java:136)
	at org.openqa.selenium.remote.service.DriverCommandExecutor.execute(DriverCommandExecutor.java:83)
	at org.openqa.selenium.remote.RemoteWebDriver.execute(RemoteWebDriver.java:545)
	at org.openqa.selenium.remote.RemoteWebDriver.startSession(RemoteWebDriver.java:209)
	at org.openqa.selenium.remote.RemoteWebDriver.&lt;init&gt;(RemoteWebDriver.java:132)
	at org.openqa.selenium.chrome.ChromeDriver.&lt;init&gt;(ChromeDriver.java:181)
	at org.openqa.selenium.chrome.ChromeDriver.&lt;init&gt;(ChromeDriver.java:168)
	at org.openqa.selenium.chrome.ChromeDriver.&lt;init&gt;(ChromeDriver.java:123)
	at managers.WebDriverManager.createLocalDriver(WebDriverManager.java:63)
	at managers.WebDriverManager.createDriver(WebDriverManager.java:42)
	at managers.WebDriverManager.getDriver(WebDriverManager.java:36)
	at testrunner.TestRunner.scenarios(TestRunner.java:53)
	... 17 more
... Removed 25 stack frames
</div> <!-- stack-trace -->
                  <em>
(Runs Cucumber Scenarios)                  </em>
                </div> <!-- method-content -->
              </div> <!-- method -->
              <div class="method">
                <div class="method-content">
                  <a name="run_scenario">
                  </a> <!-- run_scenario -->
                  <span class="method-name">run_scenario</span>
                  <div class="stack-trace">java.lang.RuntimeException: org.openqa.selenium.SessionNotCreatedException: session not created: This version of ChromeDriver only supports Chrome version 80
Build info: version: &apos;3.11.0&apos;, revision: &apos;e59cfb3&apos;, time: &apos;2018-03-11T20:26:55.152Z&apos;
System info: host: &apos;Nikhils-MacBook-Air.local&apos;, ip: &apos;2406:7400:54:3143:b169:a006:3eab:4c1e%en0&apos;, os.name: &apos;Mac OS X&apos;, os.arch: &apos;x86_64&apos;, os.version: &apos;10.14.5&apos;, java.version: &apos;1.8.0_211&apos;
Driver info: driver.version: ChromeDriver
remote stacktrace: 0   chromedriver                        0x000000010a47b329 chromedriver + 3838761
1   chromedriver                        0x000000010a415123 chromedriver + 3420451
2   chromedriver                        0x000000010a18962f chromedriver + 751151
3   chromedriver                        0x000000010a0eafa6 chromedriver + 102310
4   chromedriver                        0x000000010a0e6f7f chromedriver + 85887
5   chromedriver                        0x000000010a116473 chromedriver + 279667
6   chromedriver                        0x000000010a1132b3 chromedriver + 266931
7   chromedriver                        0x000000010a0ed0bd chromedriver + 110781
8   chromedriver                        0x000000010a0ee055 chromedriver + 114773
9   chromedriver                        0x000000010a43cebf chromedriver + 3583679
10  chromedriver                        0x000000010a449e4a chromedriver + 3636810
11  chromedriver                        0x000000010a449be7 chromedriver + 3636199
12  chromedriver                        0x000000010a420839 chromedriver + 3467321
13  chromedriver                        0x000000010a44a707 chromedriver + 3639047
14  chromedriver                        0x000000010a432cc7 chromedriver + 3542215
15  chromedriver                        0x000000010a460324 chromedriver + 3728164
16  chromedriver                        0x000000010a481387 chromedriver + 3863431
17  libsystem_pthread.dylib             0x00007fff5e1342eb _pthread_body + 126
18  libsystem_pthread.dylib             0x00007fff5e137249 _pthread_start + 66
19  libsystem_pthread.dylib             0x00007fff5e13340d thread_start + 13

	at java.util.concurrent.FutureTask.run(FutureTask.java:266)
	at java.util.concurrent.ThreadPoolExecutor.runWorker(ThreadPoolExecutor.java:1149)
	at java.util.concurrent.ThreadPoolExecutor$Worker.run(ThreadPoolExecutor.java:624)
	at java.lang.Thread.run(Thread.java:748)
Caused by: org.openqa.selenium.SessionNotCreatedException: session not created: This version of ChromeDriver only supports Chrome version 80
Build info: version: &apos;3.11.0&apos;, revision: &apos;e59cfb3&apos;, time: &apos;2018-03-11T20:26:55.152Z&apos;
System info: host: &apos;Nikhils-MacBook-Air.local&apos;, ip: &apos;2406:7400:54:3143:b169:a006:3eab:4c1e%en0&apos;, os.name: &apos;Mac OS X&apos;, os.arch: &apos;x86_64&apos;, os.version: &apos;10.14.5&apos;, java.version: &apos;1.8.0_211&apos;
Driver info: driver.version: ChromeDriver
remote stacktrace: 0   chromedriver                        0x000000010a47b329 chromedriver + 3838761
1   chromedriver                        0x000000010a415123 chromedriver + 3420451
2   chromedriver                        0x000000010a18962f chromedriver + 751151
3   chromedriver                        0x000000010a0eafa6 chromedriver + 102310
4   chromedriver                        0x000000010a0e6f7f chromedriver + 85887
5   chromedriver                        0x000000010a116473 chromedriver + 279667
6   chromedriver                        0x000000010a1132b3 chromedriver + 266931
7   chromedriver                        0x000000010a0ed0bd chromedriver + 110781
8   chromedriver                        0x000000010a0ee055 chromedriver + 114773
9   chromedriver                        0x000000010a43cebf chromedriver + 3583679
10  chromedriver                        0x000000010a449e4a chromedriver + 3636810
11  chromedriver                        0x000000010a449be7 chromedriver + 3636199
12  chromedriver                        0x000000010a420839 chromedriver + 3467321
13  chromedriver                        0x000000010a44a707 chromedriver + 3639047
14  chromedriver                        0x000000010a432cc7 chromedriver + 3542215
15  chromedriver                        0x000000010a460324 chromedriver + 3728164
16  chromedriver                        0x000000010a481387 chromedriver + 3863431
17  libsystem_pthread.dylib             0x00007fff5e1342eb _pthread_body + 126
18  libsystem_pthread.dylib             0x00007fff5e137249 _pthread_start + 66
19  libsystem_pthread.dylib             0x00007fff5e13340d thread_start + 13

	at org.openqa.selenium.remote.W3CHandshakeResponse.lambda$new$0(W3CHandshakeResponse.java:57)
	at org.openqa.selenium.remote.W3CHandshakeResponse.lambda$getResponseFunction$2(W3CHandshakeResponse.java:104)
	at org.openqa.selenium.remote.ProtocolHandshake.lambda$createSession$0(ProtocolHandshake.java:123)
	at java.util.stream.ReferencePipeline$3$1.accept(ReferencePipeline.java:193)
	at java.util.Spliterators$ArraySpliterator.tryAdvance(Spliterators.java:958)
	at java.util.stream.ReferencePipeline.forEachWithCancel(ReferencePipeline.java:126)
	at java.util.stream.AbstractPipeline.copyIntoWithCancel(AbstractPipeline.java:498)
	at java.util.stream.AbstractPipeline.copyInto(AbstractPipeline.java:485)
	at java.util.stream.AbstractPipeline.wrapAndCopyInto(AbstractPipeline.java:471)
	at java.util.stream.FindOps$FindOp.evaluateSequential(FindOps.java:152)
	at java.util.stream.AbstractPipeline.evaluate(AbstractPipeline.java:234)
	at java.util.stream.ReferencePipeline.findFirst(ReferencePipeline.java:464)
	at org.openqa.selenium.remote.ProtocolHandshake.createSession(ProtocolHandshake.java:126)
	at org.openqa.selenium.remote.ProtocolHandshake.createSession(ProtocolHandshake.java:73)
	at org.openqa.selenium.remote.HttpCommandExecutor.execute(HttpCommandExecutor.java:136)
	at org.openqa.selenium.remote.service.DriverCommandExecutor.execute(DriverCommandExecutor.java:83)
	at org.openqa.selenium.remote.RemoteWebDriver.execute(RemoteWebDriver.java:545)
	at org.openqa.selenium.remote.RemoteWebDriver.startSession(RemoteWebDriver.java:209)
	at org.openqa.selenium.remote.RemoteWebDriver.&lt;init&gt;(RemoteWebDriver.java:132)
	at org.openqa.selenium.chrome.ChromeDriver.&lt;init&gt;(ChromeDriver.java:181)
	at org.openqa.selenium.chrome.ChromeDriver.&lt;init&gt;(ChromeDriver.java:168)
	at org.openqa.selenium.chrome.ChromeDriver.&lt;init&gt;(ChromeDriver.java:123)
	at managers.WebDriverManager.createLocalDriver(WebDriverManager.java:63)
	at managers.WebDriverManager.createDriver(WebDriverManager.java:42)
	at managers.WebDriverManager.getDriver(WebDriverManager.java:36)
	at testrunner.TestRunner.scenarios(TestRunner.java:53)
	... 17 more
... Removed 25 stack frames
</div> <!-- stack-trace -->
                  <em>
(Runs Cucumber Scenarios)                  </em>
                </div> <!-- method-content -->
              </div> <!-- method -->
              <div class="method">
                <div class="method-content">
                  <a name="run_scenario">
                  </a> <!-- run_scenario -->
                  <span class="method-name">run_scenario</span>
                  <div class="stack-trace">java.lang.RuntimeException: org.openqa.selenium.SessionNotCreatedException: session not created: This version of ChromeDriver only supports Chrome version 80
Build info: version: &apos;3.11.0&apos;, revision: &apos;e59cfb3&apos;, time: &apos;2018-03-11T20:26:55.152Z&apos;
System info: host: &apos;Nikhils-MacBook-Air.local&apos;, ip: &apos;2406:7400:54:3143:b169:a006:3eab:4c1e%en0&apos;, os.name: &apos;Mac OS X&apos;, os.arch: &apos;x86_64&apos;, os.version: &apos;10.14.5&apos;, java.version: &apos;1.8.0_211&apos;
Driver info: driver.version: ChromeDriver
remote stacktrace: 0   chromedriver                        0x0000000100d6e329 chromedriver + 3838761
1   chromedriver                        0x0000000100d08123 chromedriver + 3420451
2   chromedriver                        0x0000000100a7c62f chromedriver + 751151
3   chromedriver                        0x00000001009ddfa6 chromedriver + 102310
4   chromedriver                        0x00000001009d9f7f chromedriver + 85887
5   chromedriver                        0x0000000100a09473 chromedriver + 279667
6   chromedriver                        0x0000000100a062b3 chromedriver + 266931
7   chromedriver                        0x00000001009e00bd chromedriver + 110781
8   chromedriver                        0x00000001009e1055 chromedriver + 114773
9   chromedriver                        0x0000000100d2febf chromedriver + 3583679
10  chromedriver                        0x0000000100d3ce4a chromedriver + 3636810
11  chromedriver                        0x0000000100d3cbe7 chromedriver + 3636199
12  chromedriver                        0x0000000100d13839 chromedriver + 3467321
13  chromedriver                        0x0000000100d3d707 chromedriver + 3639047
14  chromedriver                        0x0000000100d25cc7 chromedriver + 3542215
15  chromedriver                        0x0000000100d53324 chromedriver + 3728164
16  chromedriver                        0x0000000100d74387 chromedriver + 3863431
17  libsystem_pthread.dylib             0x00007fff5e1342eb _pthread_body + 126
18  libsystem_pthread.dylib             0x00007fff5e137249 _pthread_start + 66
19  libsystem_pthread.dylib             0x00007fff5e13340d thread_start + 13

	at java.util.concurrent.FutureTask.run(FutureTask.java:266)
	at java.util.concurrent.ThreadPoolExecutor.runWorker(ThreadPoolExecutor.java:1149)
	at java.util.concurrent.ThreadPoolExecutor$Worker.run(ThreadPoolExecutor.java:624)
	at java.lang.Thread.run(Thread.java:748)
Caused by: org.openqa.selenium.SessionNotCreatedException: session not created: This version of ChromeDriver only supports Chrome version 80
Build info: version: &apos;3.11.0&apos;, revision: &apos;e59cfb3&apos;, time: &apos;2018-03-11T20:26:55.152Z&apos;
System info: host: &apos;Nikhils-MacBook-Air.local&apos;, ip: &apos;2406:7400:54:3143:b169:a006:3eab:4c1e%en0&apos;, os.name: &apos;Mac OS X&apos;, os.arch: &apos;x86_64&apos;, os.version: &apos;10.14.5&apos;, java.version: &apos;1.8.0_211&apos;
Driver info: driver.version: ChromeDriver
remote stacktrace: 0   chromedriver                        0x0000000100d6e329 chromedriver + 3838761
1   chromedriver                        0x0000000100d08123 chromedriver + 3420451
2   chromedriver                        0x0000000100a7c62f chromedriver + 751151
3   chromedriver                        0x00000001009ddfa6 chromedriver + 102310
4   chromedriver                        0x00000001009d9f7f chromedriver + 85887
5   chromedriver                        0x0000000100a09473 chromedriver + 279667
6   chromedriver                        0x0000000100a062b3 chromedriver + 266931
7   chromedriver                        0x00000001009e00bd chromedriver + 110781
8   chromedriver                        0x00000001009e1055 chromedriver + 114773
9   chromedriver                        0x0000000100d2febf chromedriver + 3583679
10  chromedriver                        0x0000000100d3ce4a chromedriver + 3636810
11  chromedriver                        0x0000000100d3cbe7 chromedriver + 3636199
12  chromedriver                        0x0000000100d13839 chromedriver + 3467321
13  chromedriver                        0x0000000100d3d707 chromedriver + 3639047
14  chromedriver                        0x0000000100d25cc7 chromedriver + 3542215
15  chromedriver                        0x0000000100d53324 chromedriver + 3728164
16  chromedriver                        0x0000000100d74387 chromedriver + 3863431
17  libsystem_pthread.dylib             0x00007fff5e1342eb _pthread_body + 126
18  libsystem_pthread.dylib             0x00007fff5e137249 _pthread_start + 66
19  libsystem_pthread.dylib             0x00007fff5e13340d thread_start + 13

	at org.openqa.selenium.remote.W3CHandshakeResponse.lambda$new$0(W3CHandshakeResponse.java:57)
	at org.openqa.selenium.remote.W3CHandshakeResponse.lambda$getResponseFunction$2(W3CHandshakeResponse.java:104)
	at org.openqa.selenium.remote.ProtocolHandshake.lambda$createSession$0(ProtocolHandshake.java:123)
	at java.util.stream.ReferencePipeline$3$1.accept(ReferencePipeline.java:193)
	at java.util.Spliterators$ArraySpliterator.tryAdvance(Spliterators.java:958)
	at java.util.stream.ReferencePipeline.forEachWithCancel(ReferencePipeline.java:126)
	at java.util.stream.AbstractPipeline.copyIntoWithCancel(AbstractPipeline.java:498)
	at java.util.stream.AbstractPipeline.copyInto(AbstractPipeline.java:485)
	at java.util.stream.AbstractPipeline.wrapAndCopyInto(AbstractPipeline.java:471)
	at java.util.stream.FindOps$FindOp.evaluateSequential(FindOps.java:152)
	at java.util.stream.AbstractPipeline.evaluate(AbstractPipeline.java:234)
	at java.util.stream.ReferencePipeline.findFirst(ReferencePipeline.java:464)
	at org.openqa.selenium.remote.ProtocolHandshake.createSession(ProtocolHandshake.java:126)
	at org.openqa.selenium.remote.ProtocolHandshake.createSession(ProtocolHandshake.java:73)
	at org.openqa.selenium.remote.HttpCommandExecutor.execute(HttpCommandExecutor.java:136)
	at org.openqa.selenium.remote.service.DriverCommandExecutor.execute(DriverCommandExecutor.java:83)
	at org.openqa.selenium.remote.RemoteWebDriver.execute(RemoteWebDriver.java:545)
	at org.openqa.selenium.remote.RemoteWebDriver.startSession(RemoteWebDriver.java:209)
	at org.openqa.selenium.remote.RemoteWebDriver.&lt;init&gt;(RemoteWebDriver.java:132)
	at org.openqa.selenium.chrome.ChromeDriver.&lt;init&gt;(ChromeDriver.java:181)
	at org.openqa.selenium.chrome.ChromeDriver.&lt;init&gt;(ChromeDriver.java:168)
	at org.openqa.selenium.chrome.ChromeDriver.&lt;init&gt;(ChromeDriver.java:123)
	at managers.WebDriverManager.createLocalDriver(WebDriverManager.java:63)
	at managers.WebDriverManager.createDriver(WebDriverManager.java:42)
	at managers.WebDriverManager.getDriver(WebDriverManager.java:36)
	at testrunner.TestRunner.scenarios(TestRunner.java:53)
	... 17 more
... Removed 25 stack frames
</div> <!-- stack-trace -->
                  <em>
(Runs Cucumber Scenarios)                  </em>
                </div> <!-- method-content -->
              </div> <!-- method -->
            </div> <!-- main-panel-content rounded-window-bottom -->
          </div> <!-- suite-Environment_config_tsts-class-skipped -->
        </div> <!-- panel Environment_config_tsts -->
        <div panel-name="test-xml-Environment_config_tsts" class="panel">
          <div class="main-panel-header rounded-window-top">
            <span class="header-content">/Users/nikhilkanojia/seleniumProject/TESTCUCUMBER_TestNG/testng.xml</span>
          </div> <!-- main-panel-header rounded-window-top -->
          <div class="main-panel-content rounded-window-bottom">
            <pre>
&lt;?xml version=&quot;1.0&quot; encoding=&quot;UTF-8&quot;?&gt;
&lt;!DOCTYPE suite SYSTEM &quot;http://testng.org/testng-1.0.dtd&quot;&gt;
&lt;suite thread-count=&quot;10&quot; guice-stage=&quot;DEVELOPMENT&quot; name=&quot;Environment config tsts&quot; parallel=&quot;tests&quot;&gt;
  &lt;listeners&gt;
    &lt;listener class-name=&quot;listeners.Listeners&quot;/&gt;
  &lt;/listeners&gt;
  &lt;test name=&quot;windows chrome - no tags (all features)&quot;&gt;
    &lt;parameter name=&quot;browser&quot; value=&quot;chrome&quot;/&gt;
    &lt;parameter name=&quot;operating_system&quot; value=&quot;windows&quot;/&gt;
    &lt;classes&gt;
      &lt;class name=&quot;testrunner.TestRunner&quot;/&gt;
    &lt;/classes&gt;
  &lt;/test&gt; &lt;!-- windows chrome - no tags (all features) --&gt;
  &lt;test name=&quot;windows firefox - no tags (all features)&quot;&gt;
    &lt;parameter name=&quot;browser&quot; value=&quot;firefox&quot;/&gt;
    &lt;parameter name=&quot;operating_system&quot; value=&quot;windows&quot;/&gt;
    &lt;classes&gt;
      &lt;class name=&quot;testrunner.TestRunner&quot;/&gt;
    &lt;/classes&gt;
  &lt;/test&gt; &lt;!-- windows firefox - no tags (all features) --&gt;
  &lt;test name=&quot;windows edge - no tags (all features)&quot;&gt;
    &lt;parameter name=&quot;browser&quot; value=&quot;edge&quot;/&gt;
    &lt;parameter name=&quot;operating_system&quot; value=&quot;windows&quot;/&gt;
    &lt;classes&gt;
      &lt;class name=&quot;testrunner.TestRunner&quot;/&gt;
    &lt;/classes&gt;
  &lt;/test&gt; &lt;!-- windows edge - no tags (all features) --&gt;
&lt;/suite&gt; &lt;!-- Environment config tsts --&gt;
            </pre>
          </div> <!-- main-panel-content rounded-window-bottom -->
        </div> <!-- panel -->
        <div panel-name="testlist-Environment_config_tsts" class="panel">
          <div class="main-panel-header rounded-window-top">
            <span class="header-content">Tests for Environment config tsts</span>
          </div> <!-- main-panel-header rounded-window-top -->
          <div class="main-panel-content rounded-window-bottom">
            <ul>
              <li>
                <span class="test-name">windows chrome - no tags (all features) (1 class)</span>
              </li>
              <li>
                <span class="test-name">windows firefox - no tags (all features) (1 class)</span>
              </li>
              <li>
                <span class="test-name">windows edge - no tags (all features) (1 class)</span>
              </li>
            </ul>
          </div> <!-- main-panel-content rounded-window-bottom -->
        </div> <!-- panel -->
        <div panel-name="group-Environment_config_tsts" class="panel">
          <div class="main-panel-header rounded-window-top">
            <span class="header-content">Groups for Environment config tsts</span>
          </div> <!-- main-panel-header rounded-window-top -->
          <div class="main-panel-content rounded-window-bottom">
            <div class="test-group">
              <span class="test-group-name">cucumber</span>
              <br/>
              <div class="method-in-group">
                <span class="method-in-group-name">run_scenario</span>
                <br/>
              </div> <!-- method-in-group -->
            </div> <!-- test-group -->
          </div> <!-- main-panel-content rounded-window-bottom -->
        </div> <!-- panel -->
        <div panel-name="times-Environment_config_tsts" class="panel">
          <div class="main-panel-header rounded-window-top">
            <span class="header-content">Times for Environment config tsts</span>
          </div> <!-- main-panel-header rounded-window-top -->
          <div class="main-panel-content rounded-window-bottom">
            <div class="times-div">
              <script type="text/javascript">
suiteTableInitFunctions.push('tableData_Environment_config_tsts');
function tableData_Environment_config_tsts() {
var data = new google.visualization.DataTable();
data.addColumn('number', 'Number');
data.addColumn('string', 'Method');
data.addColumn('string', 'Class');
data.addColumn('number', 'Time (ms)');
data.addRows(3);
data.setCell(0, 0, 0)
data.setCell(0, 1, 'run_scenario')
data.setCell(0, 2, 'testrunner.TestRunner')
data.setCell(0, 3, 0);
data.setCell(1, 0, 1)
data.setCell(1, 1, 'run_scenario')
data.setCell(1, 2, 'testrunner.TestRunner')
data.setCell(1, 3, 0);
data.setCell(2, 0, 2)
data.setCell(2, 1, 'run_scenario')
data.setCell(2, 2, 'testrunner.TestRunner')
data.setCell(2, 3, 0);
window.suiteTableData['Environment_config_tsts']= { tableData: data, tableDiv: 'times-div-Environment_config_tsts'}
return data;
}
              </script>
              <span class="suite-total-time">Total running time: 0 ms</span>
              <div id="times-div-Environment_config_tsts">
              </div> <!-- times-div-Environment_config_tsts -->
            </div> <!-- times-div -->
          </div> <!-- main-panel-content rounded-window-bottom -->
        </div> <!-- panel -->
        <div panel-name="reporter-Environment_config_tsts" class="panel">
          <div class="main-panel-header rounded-window-top">
            <span class="header-content">Reporter output for Environment config tsts</span>
          </div> <!-- main-panel-header rounded-window-top -->
          <div class="main-panel-content rounded-window-bottom">
          </div> <!-- main-panel-content rounded-window-bottom -->
        </div> <!-- panel -->
        <div panel-name="ignored-methods-Environment_config_tsts" class="panel">
          <div class="main-panel-header rounded-window-top">
            <span class="header-content">0 ignored methods</span>
          </div> <!-- main-panel-header rounded-window-top -->
          <div class="main-panel-content rounded-window-bottom">
          </div> <!-- main-panel-content rounded-window-bottom -->
        </div> <!-- panel -->
        <div panel-name="chronological-Environment_config_tsts" class="panel">
          <div class="main-panel-header rounded-window-top">
            <span class="header-content">Methods in chronological order</span>
          </div> <!-- main-panel-header rounded-window-top -->
          <div class="main-panel-content rounded-window-bottom">
            <div class="chronological-class">
              <div class="chronological-class-name">testrunner.TestRunner</div> <!-- chronological-class-name -->
              <div class="configuration-class after">
                <img src="failed.png">
                </img>
                <span class="method-name">tear_down</span>
                <span class="method-start">0 ms</span>
              </div> <!-- configuration-class after -->
              <div class="configuration-class after">
                <img src="failed.png">
                </img>
                <span class="method-name">tear_down</span>
                <span class="method-start">103 ms</span>
              </div> <!-- configuration-class after -->
              <div class="configuration-class after">
                <img src="failed.png">
                </img>
                <span class="method-name">tear_down</span>
                <span class="method-start">2006 ms</span>
              </div> <!-- configuration-class after -->
          </div> <!-- main-panel-content rounded-window-bottom -->
        </div> <!-- panel -->
      </div> <!-- main-panel-root -->
    </div> <!-- wrapper -->
  </body>
</html>
