<?xml version="1.0" encoding="UTF-8"?>
<testng-results skipped="3" failed="0" ignored="0" total="3" passed="0">
  <reporter-output>
  </reporter-output>
  <suite name="Environment config tsts" duration-ms="8250" started-at="2020-05-27T19:28:00Z" finished-at="2020-05-27T19:28:08Z">
    <groups>
      <group name="cucumber">
        <method signature="TestRunner.run_scenario(cucumber.api.testng.PickleEventWrapper, cucumber.api.testng.CucumberFeatureWrapper)[pri:0, instance:testrunner.TestRunner@1efed156]" name="run_scenario" class="testrunner.TestRunner"/>
        <method signature="TestRunner.run_scenario(cucumber.api.testng.PickleEventWrapper, cucumber.api.testng.CucumberFeatureWrapper)[pri:0, instance:testrunner.TestRunner@64729b1e]" name="run_scenario" class="testrunner.TestRunner"/>
        <method signature="TestRunner.run_scenario(cucumber.api.testng.PickleEventWrapper, cucumber.api.testng.CucumberFeatureWrapper)[pri:0, instance:testrunner.TestRunner@5a1c0542]" name="run_scenario" class="testrunner.TestRunner"/>
      </group> <!-- cucumber -->
    </groups>
    <test name="windows chrome - no tags (all features)" duration-ms="6336" started-at="2020-05-27T19:28:00Z" finished-at="2020-05-27T19:28:06Z">
      <class name="testrunner.TestRunner">
        <test-method status="SKIP" signature="run_scenario(cucumber.api.testng.PickleEventWrapper, cucumber.api.testng.CucumberFeatureWrapper)[pri:0, instance:testrunner.TestRunner@1efed156]" name="run_scenario" duration-ms="0" started-at="2020-05-28T00:58:04Z" description="Runs Cucumber Scenarios" data-provider="scenarios" finished-at="2020-05-28T00:58:04Z">
          <exception class="java.lang.RuntimeException">
            <message>
              <![CDATA[org.openqa.selenium.SessionNotCreatedException: session not created: This version of ChromeDriver only supports Chrome version 80
Build info: version: '3.11.0', revision: 'e59cfb3', time: '2018-03-11T20:26:55.152Z'
System info: host: 'Nikhils-MacBook-Air.local', ip: '2406:7400:54:3143:b169:a006:3eab:4c1e%en0', os.name: 'Mac OS X', os.arch: 'x86_64', os.version: '10.14.5', java.version: '1.8.0_211'
Driver info: driver.version: ChromeDriver
remote stacktrace: 0   chromedriver                        0x0000000104ea0329 chromedriver + 3838761
1   chromedriver                        0x0000000104e3a123 chromedriver + 3420451
2   chromedriver                        0x0000000104bae62f chromedriver + 751151
3   chromedriver                        0x0000000104b0ffa6 chromedriver + 102310
4   chromedriver                        0x0000000104b0bf7f chromedriver + 85887
5   chromedriver                        0x0000000104b3b473 chromedriver + 279667
6   chromedriver                        0x0000000104b382b3 chromedriver + 266931
7   chromedriver                        0x0000000104b120bd chromedriver + 110781
8   chromedriver                        0x0000000104b13055 chromedriver + 114773
9   chromedriver                        0x0000000104e61ebf chromedriver + 3583679
10  chromedriver                        0x0000000104e6ee4a chromedriver + 3636810
11  chromedriver                        0x0000000104e6ebe7 chromedriver + 3636199
12  chromedriver                        0x0000000104e45839 chromedriver + 3467321
13  chromedriver                        0x0000000104e6f707 chromedriver + 3639047
14  chromedriver                        0x0000000104e57cc7 chromedriver + 3542215
15  chromedriver                        0x0000000104e85324 chromedriver + 3728164
16  chromedriver                        0x0000000104ea6387 chromedriver + 3863431
17  libsystem_pthread.dylib             0x00007fff5e1342eb _pthread_body + 126
18  libsystem_pthread.dylib             0x00007fff5e137249 _pthread_start + 66
19  libsystem_pthread.dylib             0x00007fff5e13340d thread_start + 13
]]>
            </message>
            <full-stacktrace>
              <![CDATA[java.lang.RuntimeException: org.openqa.selenium.SessionNotCreatedException: session not created: This version of ChromeDriver only supports Chrome version 80
Build info: version: '3.11.0', revision: 'e59cfb3', time: '2018-03-11T20:26:55.152Z'
System info: host: 'Nikhils-MacBook-Air.local', ip: '2406:7400:54:3143:b169:a006:3eab:4c1e%en0', os.name: 'Mac OS X', os.arch: 'x86_64', os.version: '10.14.5', java.version: '1.8.0_211'
Driver info: driver.version: ChromeDriver
remote stacktrace: 0   chromedriver                        0x0000000104ea0329 chromedriver + 3838761
1   chromedriver                        0x0000000104e3a123 chromedriver + 3420451
2   chromedriver                        0x0000000104bae62f chromedriver + 751151
3   chromedriver                        0x0000000104b0ffa6 chromedriver + 102310
4   chromedriver                        0x0000000104b0bf7f chromedriver + 85887
5   chromedriver                        0x0000000104b3b473 chromedriver + 279667
6   chromedriver                        0x0000000104b382b3 chromedriver + 266931
7   chromedriver                        0x0000000104b120bd chromedriver + 110781
8   chromedriver                        0x0000000104b13055 chromedriver + 114773
9   chromedriver                        0x0000000104e61ebf chromedriver + 3583679
10  chromedriver                        0x0000000104e6ee4a chromedriver + 3636810
11  chromedriver                        0x0000000104e6ebe7 chromedriver + 3636199
12  chromedriver                        0x0000000104e45839 chromedriver + 3467321
13  chromedriver                        0x0000000104e6f707 chromedriver + 3639047
14  chromedriver                        0x0000000104e57cc7 chromedriver + 3542215
15  chromedriver                        0x0000000104e85324 chromedriver + 3728164
16  chromedriver                        0x0000000104ea6387 chromedriver + 3863431
17  libsystem_pthread.dylib             0x00007fff5e1342eb _pthread_body + 126
18  libsystem_pthread.dylib             0x00007fff5e137249 _pthread_start + 66
19  libsystem_pthread.dylib             0x00007fff5e13340d thread_start + 13

	at org.testng.internal.MethodInvocationHelper.invokeMethodNoCheckedException(MethodInvocationHelper.java:49)
	at org.testng.internal.MethodInvocationHelper.invokeDataProvider(MethodInvocationHelper.java:115)
	at org.testng.internal.Parameters.handleParameters(Parameters.java:509)
	at org.testng.internal.Invoker.handleParameters(Invoker.java:1308)
	at org.testng.internal.Invoker.createParameters(Invoker.java:1036)
	at org.testng.internal.Invoker.invokeTestMethods(Invoker.java:1126)
	at org.testng.internal.TestMethodWorker.invokeTestMethods(TestMethodWorker.java:126)
	at org.testng.internal.TestMethodWorker.run(TestMethodWorker.java:109)
	at org.testng.TestRunner.privateRun(TestRunner.java:744)
	at org.testng.TestRunner.run(TestRunner.java:602)
	at org.testng.SuiteRunner.runTest(SuiteRunner.java:380)
	at org.testng.SuiteRunner.access$000(SuiteRunner.java:39)
	at org.testng.SuiteRunner$SuiteWorker.run(SuiteRunner.java:414)
	at org.testng.internal.thread.ThreadUtil$1.call(ThreadUtil.java:52)
	at java.util.concurrent.FutureTask.run(FutureTask.java:266)
	at java.util.concurrent.ThreadPoolExecutor.runWorker(ThreadPoolExecutor.java:1149)
	at java.util.concurrent.ThreadPoolExecutor$Worker.run(ThreadPoolExecutor.java:624)
	at java.lang.Thread.run(Thread.java:748)
Caused by: org.openqa.selenium.SessionNotCreatedException: session not created: This version of ChromeDriver only supports Chrome version 80
Build info: version: '3.11.0', revision: 'e59cfb3', time: '2018-03-11T20:26:55.152Z'
System info: host: 'Nikhils-MacBook-Air.local', ip: '2406:7400:54:3143:b169:a006:3eab:4c1e%en0', os.name: 'Mac OS X', os.arch: 'x86_64', os.version: '10.14.5', java.version: '1.8.0_211'
Driver info: driver.version: ChromeDriver
remote stacktrace: 0   chromedriver                        0x0000000104ea0329 chromedriver + 3838761
1   chromedriver                        0x0000000104e3a123 chromedriver + 3420451
2   chromedriver                        0x0000000104bae62f chromedriver + 751151
3   chromedriver                        0x0000000104b0ffa6 chromedriver + 102310
4   chromedriver                        0x0000000104b0bf7f chromedriver + 85887
5   chromedriver                        0x0000000104b3b473 chromedriver + 279667
6   chromedriver                        0x0000000104b382b3 chromedriver + 266931
7   chromedriver                        0x0000000104b120bd chromedriver + 110781
8   chromedriver                        0x0000000104b13055 chromedriver + 114773
9   chromedriver                        0x0000000104e61ebf chromedriver + 3583679
10  chromedriver                        0x0000000104e6ee4a chromedriver + 3636810
11  chromedriver                        0x0000000104e6ebe7 chromedriver + 3636199
12  chromedriver                        0x0000000104e45839 chromedriver + 3467321
13  chromedriver                        0x0000000104e6f707 chromedriver + 3639047
14  chromedriver                        0x0000000104e57cc7 chromedriver + 3542215
15  chromedriver                        0x0000000104e85324 chromedriver + 3728164
16  chromedriver                        0x0000000104ea6387 chromedriver + 3863431
17  libsystem_pthread.dylib             0x00007fff5e1342eb _pthread_body + 126
18  libsystem_pthread.dylib             0x00007fff5e137249 _pthread_start + 66
19  libsystem_pthread.dylib             0x00007fff5e13340d thread_start + 13

	at sun.reflect.NativeConstructorAccessorImpl.newInstance0(Native Method)
	at sun.reflect.NativeConstructorAccessorImpl.newInstance(NativeConstructorAccessorImpl.java:62)
	at sun.reflect.DelegatingConstructorAccessorImpl.newInstance(DelegatingConstructorAccessorImpl.java:45)
	at java.lang.reflect.Constructor.newInstance(Constructor.java:423)
	at org.openqa.selenium.remote.W3CHandshakeResponse.lambda$new$0(W3CHandshakeResponse.java:57)
	at org.openqa.selenium.remote.W3CHandshakeResponse.lambda$getResponseFunction$2(W3CHandshakeResponse.java:104)
	at org.openqa.selenium.remote.ProtocolHandshake.lambda$createSession$0(ProtocolHandshake.java:123)
	at java.util.stream.ReferencePipeline$3$1.accept(ReferencePipeline.java:193)
	at java.util.Spliterators$ArraySpliterator.tryAdvance(Spliterators.java:958)
	at java.util.stream.ReferencePipeline.forEachWithCancel(ReferencePipeline.java:126)
	at java.util.stream.AbstractPipeline.copyIntoWithCancel(AbstractPipeline.java:498)
	at java.util.stream.AbstractPipeline.copyInto(AbstractPipeline.java:485)
	at java.util.stream.AbstractPipeline.wrapAndCopyInto(AbstractPipeline.java:471)
	at java.util.stream.FindOps$FindOp.evaluateSequential(FindOps.java:152)
	at java.util.stream.AbstractPipeline.evaluate(AbstractPipeline.java:234)
	at java.util.stream.ReferencePipeline.findFirst(ReferencePipeline.java:464)
	at org.openqa.selenium.remote.ProtocolHandshake.createSession(ProtocolHandshake.java:126)
	at org.openqa.selenium.remote.ProtocolHandshake.createSession(ProtocolHandshake.java:73)
	at org.openqa.selenium.remote.HttpCommandExecutor.execute(HttpCommandExecutor.java:136)
	at org.openqa.selenium.remote.service.DriverCommandExecutor.execute(DriverCommandExecutor.java:83)
	at org.openqa.selenium.remote.RemoteWebDriver.execute(RemoteWebDriver.java:545)
	at org.openqa.selenium.remote.RemoteWebDriver.startSession(RemoteWebDriver.java:209)
	at org.openqa.selenium.remote.RemoteWebDriver.<init>(RemoteWebDriver.java:132)
	at org.openqa.selenium.chrome.ChromeDriver.<init>(ChromeDriver.java:181)
	at org.openqa.selenium.chrome.ChromeDriver.<init>(ChromeDriver.java:168)
	at org.openqa.selenium.chrome.ChromeDriver.<init>(ChromeDriver.java:123)
	at managers.WebDriverManager.createLocalDriver(WebDriverManager.java:63)
	at managers.WebDriverManager.createDriver(WebDriverManager.java:42)
	at managers.WebDriverManager.getDriver(WebDriverManager.java:36)
	at testrunner.TestRunner.scenarios(TestRunner.java:53)
	at sun.reflect.NativeMethodAccessorImpl.invoke0(Native Method)
	at sun.reflect.NativeMethodAccessorImpl.invoke(NativeMethodAccessorImpl.java:62)
	at sun.reflect.DelegatingMethodAccessorImpl.invoke(DelegatingMethodAccessorImpl.java:43)
	at java.lang.reflect.Method.invoke(Method.java:498)
	at org.testng.internal.MethodInvocationHelper.invokeMethod(MethodInvocationHelper.java:108)
	at org.testng.internal.MethodInvocationHelper.invokeMethod(MethodInvocationHelper.java:55)
	at org.testng.internal.MethodInvocationHelper.invokeMethodNoCheckedException(MethodInvocationHelper.java:45)
	... 17 more
]]>
            </full-stacktrace>
          </exception> <!-- java.lang.RuntimeException -->
          <reporter-output>
          </reporter-output>
        </test-method> <!-- run_scenario -->
        <test-method status="FAIL" signature="tear_down()[pri:0, instance:testrunner.TestRunner@1efed156]" name="tear_down" is-config="true" duration-ms="0" started-at="2020-05-28T00:58:06Z" finished-at="2020-05-28T00:58:06Z">
          <exception class="java.lang.NullPointerException">
            <full-stacktrace>
              <![CDATA[java.lang.NullPointerException
	at testrunner.TestRunner.tear_down(TestRunner.java:79)
	at sun.reflect.NativeMethodAccessorImpl.invoke0(Native Method)
	at sun.reflect.NativeMethodAccessorImpl.invoke(NativeMethodAccessorImpl.java:62)
	at sun.reflect.DelegatingMethodAccessorImpl.invoke(DelegatingMethodAccessorImpl.java:43)
	at java.lang.reflect.Method.invoke(Method.java:498)
	at org.testng.internal.MethodInvocationHelper.invokeMethod(MethodInvocationHelper.java:108)
	at org.testng.internal.Invoker.invokeConfigurationMethod(Invoker.java:523)
	at org.testng.internal.Invoker.invokeConfigurations(Invoker.java:224)
	at org.testng.internal.Invoker.invokeConfigurations(Invoker.java:146)
	at org.testng.internal.TestMethodWorker.invokeAfterClassMethods(TestMethodWorker.java:212)
	at org.testng.internal.TestMethodWorker.run(TestMethodWorker.java:112)
	at org.testng.TestRunner.privateRun(TestRunner.java:744)
	at org.testng.TestRunner.run(TestRunner.java:602)
	at org.testng.SuiteRunner.runTest(SuiteRunner.java:380)
	at org.testng.SuiteRunner.access$000(SuiteRunner.java:39)
	at org.testng.SuiteRunner$SuiteWorker.run(SuiteRunner.java:414)
	at org.testng.internal.thread.ThreadUtil$1.call(ThreadUtil.java:52)
	at java.util.concurrent.FutureTask.run(FutureTask.java:266)
	at java.util.concurrent.ThreadPoolExecutor.runWorker(ThreadPoolExecutor.java:1149)
	at java.util.concurrent.ThreadPoolExecutor$Worker.run(ThreadPoolExecutor.java:624)
	at java.lang.Thread.run(Thread.java:748)
]]>
            </full-stacktrace>
          </exception> <!-- java.lang.NullPointerException -->
          <reporter-output>
          </reporter-output>
        </test-method> <!-- tear_down -->
      </class> <!-- testrunner.TestRunner -->
    </test> <!-- windows chrome - no tags (all features) -->
    <test name="windows firefox - no tags (all features)" duration-ms="8250" started-at="2020-05-27T19:28:00Z" finished-at="2020-05-27T19:28:08Z">
      <class name="testrunner.TestRunner">
        <test-method status="SKIP" signature="run_scenario(cucumber.api.testng.PickleEventWrapper, cucumber.api.testng.CucumberFeatureWrapper)[pri:0, instance:testrunner.TestRunner@64729b1e]" name="run_scenario" duration-ms="0" started-at="2020-05-28T00:58:06Z" description="Runs Cucumber Scenarios" data-provider="scenarios" finished-at="2020-05-28T00:58:06Z">
          <exception class="java.lang.RuntimeException">
            <message>
              <![CDATA[org.openqa.selenium.SessionNotCreatedException: session not created: This version of ChromeDriver only supports Chrome version 80
Build info: version: '3.11.0', revision: 'e59cfb3', time: '2018-03-11T20:26:55.152Z'
System info: host: 'Nikhils-MacBook-Air.local', ip: '2406:7400:54:3143:b169:a006:3eab:4c1e%en0', os.name: 'Mac OS X', os.arch: 'x86_64', os.version: '10.14.5', java.version: '1.8.0_211'
Driver info: driver.version: ChromeDriver
remote stacktrace: 0   chromedriver                        0x000000010a47b329 chromedriver + 3838761
1   chromedriver                        0x000000010a415123 chromedriver + 3420451
2   chromedriver                        0x000000010a18962f chromedriver + 751151
3   chromedriver                        0x000000010a0eafa6 chromedriver + 102310
4   chromedriver                        0x000000010a0e6f7f chromedriver + 85887
5   chromedriver                        0x000000010a116473 chromedriver + 279667
6   chromedriver                        0x000000010a1132b3 chromedriver + 266931
7   chromedriver                        0x000000010a0ed0bd chromedriver + 110781
8   chromedriver                        0x000000010a0ee055 chromedriver + 114773
9   chromedriver                        0x000000010a43cebf chromedriver + 3583679
10  chromedriver                        0x000000010a449e4a chromedriver + 3636810
11  chromedriver                        0x000000010a449be7 chromedriver + 3636199
12  chromedriver                        0x000000010a420839 chromedriver + 3467321
13  chromedriver                        0x000000010a44a707 chromedriver + 3639047
14  chromedriver                        0x000000010a432cc7 chromedriver + 3542215
15  chromedriver                        0x000000010a460324 chromedriver + 3728164
16  chromedriver                        0x000000010a481387 chromedriver + 3863431
17  libsystem_pthread.dylib             0x00007fff5e1342eb _pthread_body + 126
18  libsystem_pthread.dylib             0x00007fff5e137249 _pthread_start + 66
19  libsystem_pthread.dylib             0x00007fff5e13340d thread_start + 13
]]>
            </message>
            <full-stacktrace>
              <![CDATA[java.lang.RuntimeException: org.openqa.selenium.SessionNotCreatedException: session not created: This version of ChromeDriver only supports Chrome version 80
Build info: version: '3.11.0', revision: 'e59cfb3', time: '2018-03-11T20:26:55.152Z'
System info: host: 'Nikhils-MacBook-Air.local', ip: '2406:7400:54:3143:b169:a006:3eab:4c1e%en0', os.name: 'Mac OS X', os.arch: 'x86_64', os.version: '10.14.5', java.version: '1.8.0_211'
Driver info: driver.version: ChromeDriver
remote stacktrace: 0   chromedriver                        0x000000010a47b329 chromedriver + 3838761
1   chromedriver                        0x000000010a415123 chromedriver + 3420451
2   chromedriver                        0x000000010a18962f chromedriver + 751151
3   chromedriver                        0x000000010a0eafa6 chromedriver + 102310
4   chromedriver                        0x000000010a0e6f7f chromedriver + 85887
5   chromedriver                        0x000000010a116473 chromedriver + 279667
6   chromedriver                        0x000000010a1132b3 chromedriver + 266931
7   chromedriver                        0x000000010a0ed0bd chromedriver + 110781
8   chromedriver                        0x000000010a0ee055 chromedriver + 114773
9   chromedriver                        0x000000010a43cebf chromedriver + 3583679
10  chromedriver                        0x000000010a449e4a chromedriver + 3636810
11  chromedriver                        0x000000010a449be7 chromedriver + 3636199
12  chromedriver                        0x000000010a420839 chromedriver + 3467321
13  chromedriver                        0x000000010a44a707 chromedriver + 3639047
14  chromedriver                        0x000000010a432cc7 chromedriver + 3542215
15  chromedriver                        0x000000010a460324 chromedriver + 3728164
16  chromedriver                        0x000000010a481387 chromedriver + 3863431
17  libsystem_pthread.dylib             0x00007fff5e1342eb _pthread_body + 126
18  libsystem_pthread.dylib             0x00007fff5e137249 _pthread_start + 66
19  libsystem_pthread.dylib             0x00007fff5e13340d thread_start + 13

	at org.testng.internal.MethodInvocationHelper.invokeMethodNoCheckedException(MethodInvocationHelper.java:49)
	at org.testng.internal.MethodInvocationHelper.invokeDataProvider(MethodInvocationHelper.java:115)
	at org.testng.internal.Parameters.handleParameters(Parameters.java:509)
	at org.testng.internal.Invoker.handleParameters(Invoker.java:1308)
	at org.testng.internal.Invoker.createParameters(Invoker.java:1036)
	at org.testng.internal.Invoker.invokeTestMethods(Invoker.java:1126)
	at org.testng.internal.TestMethodWorker.invokeTestMethods(TestMethodWorker.java:126)
	at org.testng.internal.TestMethodWorker.run(TestMethodWorker.java:109)
	at org.testng.TestRunner.privateRun(TestRunner.java:744)
	at org.testng.TestRunner.run(TestRunner.java:602)
	at org.testng.SuiteRunner.runTest(SuiteRunner.java:380)
	at org.testng.SuiteRunner.access$000(SuiteRunner.java:39)
	at org.testng.SuiteRunner$SuiteWorker.run(SuiteRunner.java:414)
	at org.testng.internal.thread.ThreadUtil$1.call(ThreadUtil.java:52)
	at java.util.concurrent.FutureTask.run(FutureTask.java:266)
	at java.util.concurrent.ThreadPoolExecutor.runWorker(ThreadPoolExecutor.java:1149)
	at java.util.concurrent.ThreadPoolExecutor$Worker.run(ThreadPoolExecutor.java:624)
	at java.lang.Thread.run(Thread.java:748)
Caused by: org.openqa.selenium.SessionNotCreatedException: session not created: This version of ChromeDriver only supports Chrome version 80
Build info: version: '3.11.0', revision: 'e59cfb3', time: '2018-03-11T20:26:55.152Z'
System info: host: 'Nikhils-MacBook-Air.local', ip: '2406:7400:54:3143:b169:a006:3eab:4c1e%en0', os.name: 'Mac OS X', os.arch: 'x86_64', os.version: '10.14.5', java.version: '1.8.0_211'
Driver info: driver.version: ChromeDriver
remote stacktrace: 0   chromedriver                        0x000000010a47b329 chromedriver + 3838761
1   chromedriver                        0x000000010a415123 chromedriver + 3420451
2   chromedriver                        0x000000010a18962f chromedriver + 751151
3   chromedriver                        0x000000010a0eafa6 chromedriver + 102310
4   chromedriver                        0x000000010a0e6f7f chromedriver + 85887
5   chromedriver                        0x000000010a116473 chromedriver + 279667
6   chromedriver                        0x000000010a1132b3 chromedriver + 266931
7   chromedriver                        0x000000010a0ed0bd chromedriver + 110781
8   chromedriver                        0x000000010a0ee055 chromedriver + 114773
9   chromedriver                        0x000000010a43cebf chromedriver + 3583679
10  chromedriver                        0x000000010a449e4a chromedriver + 3636810
11  chromedriver                        0x000000010a449be7 chromedriver + 3636199
12  chromedriver                        0x000000010a420839 chromedriver + 3467321
13  chromedriver                        0x000000010a44a707 chromedriver + 3639047
14  chromedriver                        0x000000010a432cc7 chromedriver + 3542215
15  chromedriver                        0x000000010a460324 chromedriver + 3728164
16  chromedriver                        0x000000010a481387 chromedriver + 3863431
17  libsystem_pthread.dylib             0x00007fff5e1342eb _pthread_body + 126
18  libsystem_pthread.dylib             0x00007fff5e137249 _pthread_start + 66
19  libsystem_pthread.dylib             0x00007fff5e13340d thread_start + 13

	at sun.reflect.NativeConstructorAccessorImpl.newInstance0(Native Method)
	at sun.reflect.NativeConstructorAccessorImpl.newInstance(NativeConstructorAccessorImpl.java:62)
	at sun.reflect.DelegatingConstructorAccessorImpl.newInstance(DelegatingConstructorAccessorImpl.java:45)
	at java.lang.reflect.Constructor.newInstance(Constructor.java:423)
	at org.openqa.selenium.remote.W3CHandshakeResponse.lambda$new$0(W3CHandshakeResponse.java:57)
	at org.openqa.selenium.remote.W3CHandshakeResponse.lambda$getResponseFunction$2(W3CHandshakeResponse.java:104)
	at org.openqa.selenium.remote.ProtocolHandshake.lambda$createSession$0(ProtocolHandshake.java:123)
	at java.util.stream.ReferencePipeline$3$1.accept(ReferencePipeline.java:193)
	at java.util.Spliterators$ArraySpliterator.tryAdvance(Spliterators.java:958)
	at java.util.stream.ReferencePipeline.forEachWithCancel(ReferencePipeline.java:126)
	at java.util.stream.AbstractPipeline.copyIntoWithCancel(AbstractPipeline.java:498)
	at java.util.stream.AbstractPipeline.copyInto(AbstractPipeline.java:485)
	at java.util.stream.AbstractPipeline.wrapAndCopyInto(AbstractPipeline.java:471)
	at java.util.stream.FindOps$FindOp.evaluateSequential(FindOps.java:152)
	at java.util.stream.AbstractPipeline.evaluate(AbstractPipeline.java:234)
	at java.util.stream.ReferencePipeline.findFirst(ReferencePipeline.java:464)
	at org.openqa.selenium.remote.ProtocolHandshake.createSession(ProtocolHandshake.java:126)
	at org.openqa.selenium.remote.ProtocolHandshake.createSession(ProtocolHandshake.java:73)
	at org.openqa.selenium.remote.HttpCommandExecutor.execute(HttpCommandExecutor.java:136)
	at org.openqa.selenium.remote.service.DriverCommandExecutor.execute(DriverCommandExecutor.java:83)
	at org.openqa.selenium.remote.RemoteWebDriver.execute(RemoteWebDriver.java:545)
	at org.openqa.selenium.remote.RemoteWebDriver.startSession(RemoteWebDriver.java:209)
	at org.openqa.selenium.remote.RemoteWebDriver.<init>(RemoteWebDriver.java:132)
	at org.openqa.selenium.chrome.ChromeDriver.<init>(ChromeDriver.java:181)
	at org.openqa.selenium.chrome.ChromeDriver.<init>(ChromeDriver.java:168)
	at org.openqa.selenium.chrome.ChromeDriver.<init>(ChromeDriver.java:123)
	at managers.WebDriverManager.createLocalDriver(WebDriverManager.java:63)
	at managers.WebDriverManager.createDriver(WebDriverManager.java:42)
	at managers.WebDriverManager.getDriver(WebDriverManager.java:36)
	at testrunner.TestRunner.scenarios(TestRunner.java:53)
	at sun.reflect.NativeMethodAccessorImpl.invoke0(Native Method)
	at sun.reflect.NativeMethodAccessorImpl.invoke(NativeMethodAccessorImpl.java:62)
	at sun.reflect.DelegatingMethodAccessorImpl.invoke(DelegatingMethodAccessorImpl.java:43)
	at java.lang.reflect.Method.invoke(Method.java:498)
	at org.testng.internal.MethodInvocationHelper.invokeMethod(MethodInvocationHelper.java:108)
	at org.testng.internal.MethodInvocationHelper.invokeMethod(MethodInvocationHelper.java:55)
	at org.testng.internal.MethodInvocationHelper.invokeMethodNoCheckedException(MethodInvocationHelper.java:45)
	... 17 more
]]>
            </full-stacktrace>
          </exception> <!-- java.lang.RuntimeException -->
          <reporter-output>
          </reporter-output>
        </test-method> <!-- run_scenario -->
        <test-method status="FAIL" signature="tear_down()[pri:0, instance:testrunner.TestRunner@64729b1e]" name="tear_down" is-config="true" duration-ms="1" started-at="2020-05-28T00:58:08Z" finished-at="2020-05-28T00:58:08Z">
          <exception class="java.lang.NullPointerException">
            <full-stacktrace>
              <![CDATA[java.lang.NullPointerException
	at testrunner.TestRunner.tear_down(TestRunner.java:79)
	at sun.reflect.NativeMethodAccessorImpl.invoke0(Native Method)
	at sun.reflect.NativeMethodAccessorImpl.invoke(NativeMethodAccessorImpl.java:62)
	at sun.reflect.DelegatingMethodAccessorImpl.invoke(DelegatingMethodAccessorImpl.java:43)
	at java.lang.reflect.Method.invoke(Method.java:498)
	at org.testng.internal.MethodInvocationHelper.invokeMethod(MethodInvocationHelper.java:108)
	at org.testng.internal.Invoker.invokeConfigurationMethod(Invoker.java:523)
	at org.testng.internal.Invoker.invokeConfigurations(Invoker.java:224)
	at org.testng.internal.Invoker.invokeConfigurations(Invoker.java:146)
	at org.testng.internal.TestMethodWorker.invokeAfterClassMethods(TestMethodWorker.java:212)
	at org.testng.internal.TestMethodWorker.run(TestMethodWorker.java:112)
	at org.testng.TestRunner.privateRun(TestRunner.java:744)
	at org.testng.TestRunner.run(TestRunner.java:602)
	at org.testng.SuiteRunner.runTest(SuiteRunner.java:380)
	at org.testng.SuiteRunner.access$000(SuiteRunner.java:39)
	at org.testng.SuiteRunner$SuiteWorker.run(SuiteRunner.java:414)
	at org.testng.internal.thread.ThreadUtil$1.call(ThreadUtil.java:52)
	at java.util.concurrent.FutureTask.run(FutureTask.java:266)
	at java.util.concurrent.ThreadPoolExecutor.runWorker(ThreadPoolExecutor.java:1149)
	at java.util.concurrent.ThreadPoolExecutor$Worker.run(ThreadPoolExecutor.java:624)
	at java.lang.Thread.run(Thread.java:748)
]]>
            </full-stacktrace>
          </exception> <!-- java.lang.NullPointerException -->
          <reporter-output>
          </reporter-output>
        </test-method> <!-- tear_down -->
      </class> <!-- testrunner.TestRunner -->
    </test> <!-- windows firefox - no tags (all features) -->
    <test name="windows edge - no tags (all features)" duration-ms="6253" started-at="2020-05-27T19:28:00Z" finished-at="2020-05-27T19:28:06Z">
      <class name="testrunner.TestRunner">
        <test-method status="SKIP" signature="run_scenario(cucumber.api.testng.PickleEventWrapper, cucumber.api.testng.CucumberFeatureWrapper)[pri:0, instance:testrunner.TestRunner@5a1c0542]" name="run_scenario" duration-ms="0" started-at="2020-05-28T00:58:04Z" description="Runs Cucumber Scenarios" data-provider="scenarios" finished-at="2020-05-28T00:58:04Z">
          <exception class="java.lang.RuntimeException">
            <message>
              <![CDATA[org.openqa.selenium.SessionNotCreatedException: session not created: This version of ChromeDriver only supports Chrome version 80
Build info: version: '3.11.0', revision: 'e59cfb3', time: '2018-03-11T20:26:55.152Z'
System info: host: 'Nikhils-MacBook-Air.local', ip: '2406:7400:54:3143:b169:a006:3eab:4c1e%en0', os.name: 'Mac OS X', os.arch: 'x86_64', os.version: '10.14.5', java.version: '1.8.0_211'
Driver info: driver.version: ChromeDriver
remote stacktrace: 0   chromedriver                        0x0000000100d6e329 chromedriver + 3838761
1   chromedriver                        0x0000000100d08123 chromedriver + 3420451
2   chromedriver                        0x0000000100a7c62f chromedriver + 751151
3   chromedriver                        0x00000001009ddfa6 chromedriver + 102310
4   chromedriver                        0x00000001009d9f7f chromedriver + 85887
5   chromedriver                        0x0000000100a09473 chromedriver + 279667
6   chromedriver                        0x0000000100a062b3 chromedriver + 266931
7   chromedriver                        0x00000001009e00bd chromedriver + 110781
8   chromedriver                        0x00000001009e1055 chromedriver + 114773
9   chromedriver                        0x0000000100d2febf chromedriver + 3583679
10  chromedriver                        0x0000000100d3ce4a chromedriver + 3636810
11  chromedriver                        0x0000000100d3cbe7 chromedriver + 3636199
12  chromedriver                        0x0000000100d13839 chromedriver + 3467321
13  chromedriver                        0x0000000100d3d707 chromedriver + 3639047
14  chromedriver                        0x0000000100d25cc7 chromedriver + 3542215
15  chromedriver                        0x0000000100d53324 chromedriver + 3728164
16  chromedriver                        0x0000000100d74387 chromedriver + 3863431
17  libsystem_pthread.dylib             0x00007fff5e1342eb _pthread_body + 126
18  libsystem_pthread.dylib             0x00007fff5e137249 _pthread_start + 66
19  libsystem_pthread.dylib             0x00007fff5e13340d thread_start + 13
]]>
            </message>
            <full-stacktrace>
              <![CDATA[java.lang.RuntimeException: org.openqa.selenium.SessionNotCreatedException: session not created: This version of ChromeDriver only supports Chrome version 80
Build info: version: '3.11.0', revision: 'e59cfb3', time: '2018-03-11T20:26:55.152Z'
System info: host: 'Nikhils-MacBook-Air.local', ip: '2406:7400:54:3143:b169:a006:3eab:4c1e%en0', os.name: 'Mac OS X', os.arch: 'x86_64', os.version: '10.14.5', java.version: '1.8.0_211'
Driver info: driver.version: ChromeDriver
remote stacktrace: 0   chromedriver                        0x0000000100d6e329 chromedriver + 3838761
1   chromedriver                        0x0000000100d08123 chromedriver + 3420451
2   chromedriver                        0x0000000100a7c62f chromedriver + 751151
3   chromedriver                        0x00000001009ddfa6 chromedriver + 102310
4   chromedriver                        0x00000001009d9f7f chromedriver + 85887
5   chromedriver                        0x0000000100a09473 chromedriver + 279667
6   chromedriver                        0x0000000100a062b3 chromedriver + 266931
7   chromedriver                        0x00000001009e00bd chromedriver + 110781
8   chromedriver                        0x00000001009e1055 chromedriver + 114773
9   chromedriver                        0x0000000100d2febf chromedriver + 3583679
10  chromedriver                        0x0000000100d3ce4a chromedriver + 3636810
11  chromedriver                        0x0000000100d3cbe7 chromedriver + 3636199
12  chromedriver                        0x0000000100d13839 chromedriver + 3467321
13  chromedriver                        0x0000000100d3d707 chromedriver + 3639047
14  chromedriver                        0x0000000100d25cc7 chromedriver + 3542215
15  chromedriver                        0x0000000100d53324 chromedriver + 3728164
16  chromedriver                        0x0000000100d74387 chromedriver + 3863431
17  libsystem_pthread.dylib             0x00007fff5e1342eb _pthread_body + 126
18  libsystem_pthread.dylib             0x00007fff5e137249 _pthread_start + 66
19  libsystem_pthread.dylib             0x00007fff5e13340d thread_start + 13

	at org.testng.internal.MethodInvocationHelper.invokeMethodNoCheckedException(MethodInvocationHelper.java:49)
	at org.testng.internal.MethodInvocationHelper.invokeDataProvider(MethodInvocationHelper.java:115)
	at org.testng.internal.Parameters.handleParameters(Parameters.java:509)
	at org.testng.internal.Invoker.handleParameters(Invoker.java:1308)
	at org.testng.internal.Invoker.createParameters(Invoker.java:1036)
	at org.testng.internal.Invoker.invokeTestMethods(Invoker.java:1126)
	at org.testng.internal.TestMethodWorker.invokeTestMethods(TestMethodWorker.java:126)
	at org.testng.internal.TestMethodWorker.run(TestMethodWorker.java:109)
	at org.testng.TestRunner.privateRun(TestRunner.java:744)
	at org.testng.TestRunner.run(TestRunner.java:602)
	at org.testng.SuiteRunner.runTest(SuiteRunner.java:380)
	at org.testng.SuiteRunner.access$000(SuiteRunner.java:39)
	at org.testng.SuiteRunner$SuiteWorker.run(SuiteRunner.java:414)
	at org.testng.internal.thread.ThreadUtil$1.call(ThreadUtil.java:52)
	at java.util.concurrent.FutureTask.run(FutureTask.java:266)
	at java.util.concurrent.ThreadPoolExecutor.runWorker(ThreadPoolExecutor.java:1149)
	at java.util.concurrent.ThreadPoolExecutor$Worker.run(ThreadPoolExecutor.java:624)
	at java.lang.Thread.run(Thread.java:748)
Caused by: org.openqa.selenium.SessionNotCreatedException: session not created: This version of ChromeDriver only supports Chrome version 80
Build info: version: '3.11.0', revision: 'e59cfb3', time: '2018-03-11T20:26:55.152Z'
System info: host: 'Nikhils-MacBook-Air.local', ip: '2406:7400:54:3143:b169:a006:3eab:4c1e%en0', os.name: 'Mac OS X', os.arch: 'x86_64', os.version: '10.14.5', java.version: '1.8.0_211'
Driver info: driver.version: ChromeDriver
remote stacktrace: 0   chromedriver                        0x0000000100d6e329 chromedriver + 3838761
1   chromedriver                        0x0000000100d08123 chromedriver + 3420451
2   chromedriver                        0x0000000100a7c62f chromedriver + 751151
3   chromedriver                        0x00000001009ddfa6 chromedriver + 102310
4   chromedriver                        0x00000001009d9f7f chromedriver + 85887
5   chromedriver                        0x0000000100a09473 chromedriver + 279667
6   chromedriver                        0x0000000100a062b3 chromedriver + 266931
7   chromedriver                        0x00000001009e00bd chromedriver + 110781
8   chromedriver                        0x00000001009e1055 chromedriver + 114773
9   chromedriver                        0x0000000100d2febf chromedriver + 3583679
10  chromedriver                        0x0000000100d3ce4a chromedriver + 3636810
11  chromedriver                        0x0000000100d3cbe7 chromedriver + 3636199
12  chromedriver                        0x0000000100d13839 chromedriver + 3467321
13  chromedriver                        0x0000000100d3d707 chromedriver + 3639047
14  chromedriver                        0x0000000100d25cc7 chromedriver + 3542215
15  chromedriver                        0x0000000100d53324 chromedriver + 3728164
16  chromedriver                        0x0000000100d74387 chromedriver + 3863431
17  libsystem_pthread.dylib             0x00007fff5e1342eb _pthread_body + 126
18  libsystem_pthread.dylib             0x00007fff5e137249 _pthread_start + 66
19  libsystem_pthread.dylib             0x00007fff5e13340d thread_start + 13

	at sun.reflect.NativeConstructorAccessorImpl.newInstance0(Native Method)
	at sun.reflect.NativeConstructorAccessorImpl.newInstance(NativeConstructorAccessorImpl.java:62)
	at sun.reflect.DelegatingConstructorAccessorImpl.newInstance(DelegatingConstructorAccessorImpl.java:45)
	at java.lang.reflect.Constructor.newInstance(Constructor.java:423)
	at org.openqa.selenium.remote.W3CHandshakeResponse.lambda$new$0(W3CHandshakeResponse.java:57)
	at org.openqa.selenium.remote.W3CHandshakeResponse.lambda$getResponseFunction$2(W3CHandshakeResponse.java:104)
	at org.openqa.selenium.remote.ProtocolHandshake.lambda$createSession$0(ProtocolHandshake.java:123)
	at java.util.stream.ReferencePipeline$3$1.accept(ReferencePipeline.java:193)
	at java.util.Spliterators$ArraySpliterator.tryAdvance(Spliterators.java:958)
	at java.util.stream.ReferencePipeline.forEachWithCancel(ReferencePipeline.java:126)
	at java.util.stream.AbstractPipeline.copyIntoWithCancel(AbstractPipeline.java:498)
	at java.util.stream.AbstractPipeline.copyInto(AbstractPipeline.java:485)
	at java.util.stream.AbstractPipeline.wrapAndCopyInto(AbstractPipeline.java:471)
	at java.util.stream.FindOps$FindOp.evaluateSequential(FindOps.java:152)
	at java.util.stream.AbstractPipeline.evaluate(AbstractPipeline.java:234)
	at java.util.stream.ReferencePipeline.findFirst(ReferencePipeline.java:464)
	at org.openqa.selenium.remote.ProtocolHandshake.createSession(ProtocolHandshake.java:126)
	at org.openqa.selenium.remote.ProtocolHandshake.createSession(ProtocolHandshake.java:73)
	at org.openqa.selenium.remote.HttpCommandExecutor.execute(HttpCommandExecutor.java:136)
	at org.openqa.selenium.remote.service.DriverCommandExecutor.execute(DriverCommandExecutor.java:83)
	at org.openqa.selenium.remote.RemoteWebDriver.execute(RemoteWebDriver.java:545)
	at org.openqa.selenium.remote.RemoteWebDriver.startSession(RemoteWebDriver.java:209)
	at org.openqa.selenium.remote.RemoteWebDriver.<init>(RemoteWebDriver.java:132)
	at org.openqa.selenium.chrome.ChromeDriver.<init>(ChromeDriver.java:181)
	at org.openqa.selenium.chrome.ChromeDriver.<init>(ChromeDriver.java:168)
	at org.openqa.selenium.chrome.ChromeDriver.<init>(ChromeDriver.java:123)
	at managers.WebDriverManager.createLocalDriver(WebDriverManager.java:63)
	at managers.WebDriverManager.createDriver(WebDriverManager.java:42)
	at managers.WebDriverManager.getDriver(WebDriverManager.java:36)
	at testrunner.TestRunner.scenarios(TestRunner.java:53)
	at sun.reflect.NativeMethodAccessorImpl.invoke0(Native Method)
	at sun.reflect.NativeMethodAccessorImpl.invoke(NativeMethodAccessorImpl.java:62)
	at sun.reflect.DelegatingMethodAccessorImpl.invoke(DelegatingMethodAccessorImpl.java:43)
	at java.lang.reflect.Method.invoke(Method.java:498)
	at org.testng.internal.MethodInvocationHelper.invokeMethod(MethodInvocationHelper.java:108)
	at org.testng.internal.MethodInvocationHelper.invokeMethod(MethodInvocationHelper.java:55)
	at org.testng.internal.MethodInvocationHelper.invokeMethodNoCheckedException(MethodInvocationHelper.java:45)
	... 17 more
]]>
            </full-stacktrace>
          </exception> <!-- java.lang.RuntimeException -->
          <reporter-output>
          </reporter-output>
        </test-method> <!-- run_scenario -->
        <test-method status="FAIL" signature="tear_down()[pri:0, instance:testrunner.TestRunner@5a1c0542]" name="tear_down" is-config="true" duration-ms="4" started-at="2020-05-28T00:58:06Z" finished-at="2020-05-28T00:58:06Z">
          <exception class="java.lang.NullPointerException">
            <full-stacktrace>
              <![CDATA[java.lang.NullPointerException
	at testrunner.TestRunner.tear_down(TestRunner.java:79)
	at sun.reflect.NativeMethodAccessorImpl.invoke0(Native Method)
	at sun.reflect.NativeMethodAccessorImpl.invoke(NativeMethodAccessorImpl.java:62)
	at sun.reflect.DelegatingMethodAccessorImpl.invoke(DelegatingMethodAccessorImpl.java:43)
	at java.lang.reflect.Method.invoke(Method.java:498)
	at org.testng.internal.MethodInvocationHelper.invokeMethod(MethodInvocationHelper.java:108)
	at org.testng.internal.Invoker.invokeConfigurationMethod(Invoker.java:523)
	at org.testng.internal.Invoker.invokeConfigurations(Invoker.java:224)
	at org.testng.internal.Invoker.invokeConfigurations(Invoker.java:146)
	at org.testng.internal.TestMethodWorker.invokeAfterClassMethods(TestMethodWorker.java:212)
	at org.testng.internal.TestMethodWorker.run(TestMethodWorker.java:112)
	at org.testng.TestRunner.privateRun(TestRunner.java:744)
	at org.testng.TestRunner.run(TestRunner.java:602)
	at org.testng.SuiteRunner.runTest(SuiteRunner.java:380)
	at org.testng.SuiteRunner.access$000(SuiteRunner.java:39)
	at org.testng.SuiteRunner$SuiteWorker.run(SuiteRunner.java:414)
	at org.testng.internal.thread.ThreadUtil$1.call(ThreadUtil.java:52)
	at java.util.concurrent.FutureTask.run(FutureTask.java:266)
	at java.util.concurrent.ThreadPoolExecutor.runWorker(ThreadPoolExecutor.java:1149)
	at java.util.concurrent.ThreadPoolExecutor$Worker.run(ThreadPoolExecutor.java:624)
	at java.lang.Thread.run(Thread.java:748)
]]>
            </full-stacktrace>
          </exception> <!-- java.lang.NullPointerException -->
          <reporter-output>
          </reporter-output>
        </test-method> <!-- tear_down -->
      </class> <!-- testrunner.TestRunner -->
    </test> <!-- windows edge - no tags (all features) -->
  </suite> <!-- Environment config tsts -->
</testng-results>
