<?xml version="1.0" encoding="UTF-8"?>
<!-- Generated by org.testng.reporters.JUnitXMLReporter -->
<testsuite hostname="Nikhils-MacBook-Air.local" ignored="0" name="Test" tests="1" failures="1" timestamp="22 Feb 2021 15:14:43 GMT" time="32.84" errors="0">
  <testcase name="stylitest" time="32.8" classname="STYLI_FW.STYLI_FW1.StyliTest">
    <failure type="org.openqa.selenium.ElementClickInterceptedException" message="element click intercepted: Element &amp;lt;a href=&amp;quot;/sa/en/product-freerun-plain-hooded-jacket-with-long-sleeves-50012203&amp;quot; title=&amp;quot;Plain Hooded Jacket with Long Sleeves&amp;quot; class=&amp;quot;col-xs-6 col-lg-3 col-md-4 c-main-gray cursor-default product-item&amp;quot;&amp;gt;...&amp;lt;/a&amp;gt; is not clickable at point (544, 882). Other element would receive the click: &amp;lt;button class=&amp;quot;fs-13 c-dark-gray transparent w100p p-10 b-white Button&amp;quot; type=&amp;quot;button&amp;quot;&amp;gt;...&amp;lt;/button&amp;gt;
  (Session info: chrome=87.0.4280.66)
Build info: version: &amp;apos;3.141.59&amp;apos;, revision: &amp;apos;e82be7d358&amp;apos;, time: &amp;apos;2018-11-14T08:17:03&amp;apos;
System info: host: &amp;apos;Nikhils-MacBook-Air.local&amp;apos;, ip: &amp;apos;2406:7400:54:3143:212d:a531:7a46:c014%en0&amp;apos;, os.name: &amp;apos;Mac OS X&amp;apos;, os.arch: &amp;apos;x86_64&amp;apos;, os.version: &amp;apos;10.15.7&amp;apos;, java.version: &amp;apos;1.8.0_211&amp;apos;
Driver info: org.openqa.selenium.remote.RemoteWebDriver
Capabilities {acceptInsecureCerts: false, browserName: chrome, browserVersion: 87.0.4280.66, chrome: {chromedriverVersion: 87.0.4280.20 (c99e81631faa0..., userDataDir: /tmp/.com.google.Chrome.TZA3js}, goog:chromeOptions: {debuggerAddress: localhost:45091}, javascriptEnabled: true, networkConnectionEnabled: false, pageLoadStrategy: normal, platform: LINUX, platformName: LINUX, proxy: Proxy(), setWindowRect: true, strictFileInteractability: false, timeouts: {implicit: 0, pageLoad: 300000, script: 30000}, unhandledPromptBehavior: dismiss and notify, webauthn:virtualAuthenticators: true, webdriver.remote.sessionid: 430f98982117ba8f2fb3e3505c7...}
Session ID: 430f98982117ba8f2fb3e3505c7b5e78">
      <![CDATA[org.openqa.selenium.ElementClickInterceptedException: element click intercepted: Element <a href="/sa/en/product-freerun-plain-hooded-jacket-with-long-sleeves-50012203" title="Plain Hooded Jacket with Long Sleeves" class="col-xs-6 col-lg-3 col-md-4 c-main-gray cursor-default product-item">...</a> is not clickable at point (544, 882). Other element would receive the click: <button class="fs-13 c-dark-gray transparent w100p p-10 b-white Button" type="button">...</button>
  (Session info: chrome=87.0.4280.66)
Build info: version: '3.141.59', revision: 'e82be7d358', time: '2018-11-14T08:17:03'
System info: host: 'Nikhils-MacBook-Air.local', ip: '2406:7400:54:3143:212d:a531:7a46:c014%en0', os.name: 'Mac OS X', os.arch: 'x86_64', os.version: '10.15.7', java.version: '1.8.0_211'
Driver info: org.openqa.selenium.remote.RemoteWebDriver
Capabilities {acceptInsecureCerts: false, browserName: chrome, browserVersion: 87.0.4280.66, chrome: {chromedriverVersion: 87.0.4280.20 (c99e81631faa0..., userDataDir: /tmp/.com.google.Chrome.TZA3js}, goog:chromeOptions: {debuggerAddress: localhost:45091}, javascriptEnabled: true, networkConnectionEnabled: false, pageLoadStrategy: normal, platform: LINUX, platformName: LINUX, proxy: Proxy(), setWindowRect: true, strictFileInteractability: false, timeouts: {implicit: 0, pageLoad: 300000, script: 30000}, unhandledPromptBehavior: dismiss and notify, webauthn:virtualAuthenticators: true, webdriver.remote.sessionid: 430f98982117ba8f2fb3e3505c7...}
Session ID: 430f98982117ba8f2fb3e3505c7b5e78
	at org.openqa.selenium.remote.http.W3CHttpResponseCodec.createException(W3CHttpResponseCodec.java:187)
	at org.openqa.selenium.remote.http.W3CHttpResponseCodec.decode(W3CHttpResponseCodec.java:122)
	at org.openqa.selenium.remote.http.W3CHttpResponseCodec.decode(W3CHttpResponseCodec.java:49)
	at org.openqa.selenium.remote.HttpCommandExecutor.execute(HttpCommandExecutor.java:158)
	at org.openqa.selenium.remote.RemoteWebDriver.execute(RemoteWebDriver.java:552)
	at org.openqa.selenium.remote.RemoteWebElement.execute(RemoteWebElement.java:285)
	at org.openqa.selenium.remote.RemoteWebElement.click(RemoteWebElement.java:84)
	at STYLI_FW.STYLI_FW1.StyliTest.stylitest(StyliTest.java:34)
... Removed 33 stack frames]]>
    </failure>
  </testcase> <!-- stylitest -->
</testsuite> <!-- Test -->
