<html>
<head>
<title>TestNG:  windows firefox - no tags (all features)</title>
<link href="../testng.css" rel="stylesheet" type="text/css" />
<link href="../my-testng.css" rel="stylesheet" type="text/css" />

<style type="text/css">
.log { display: none;} 
.stack-trace { display: none;} 
</style>
<script type="text/javascript">
<!--
function flip(e) {
  current = e.style.display;
  if (current == 'block') {
    e.style.display = 'none';
    return 0;
  }
  else {
    e.style.display = 'block';
    return 1;
  }
}

function toggleBox(szDivId, elem, msg1, msg2)
{
  var res = -1;  if (document.getElementById) {
    res = flip(document.getElementById(szDivId));
  }
  else if (document.all) {
    // this is the way old msie versions work
    res = flip(document.all[szDivId]);
  }
  if(elem) {
    if(res == 0) elem.innerHTML = msg1; else elem.innerHTML = msg2;
  }

}

function toggleAllBoxes() {
  if (document.getElementsByTagName) {
    d = document.getElementsByTagName('div');
    for (i = 0; i < d.length; i++) {
      if (d[i].className == 'log') {
        flip(d[i]);
      }
    }
  }
}

// -->
</script>

</head>
<body>
<h2 align='center'>windows firefox - no tags (all features)</h2><table border='1' align="center">
<tr>
<td>Tests passed/Failed/Skipped:</td><td>0/0/1</td>
</tr><tr>
<td>Started on:</td><td>Thu May 28 01:06:47 IST 2020</td>
</tr>
<tr><td>Total time:</td><td>8 seconds (8458 ms)</td>
</tr><tr>
<td>Included groups:</td><td></td>
</tr><tr>
<td>Excluded groups:</td><td></td>
</tr>
</table><p/>
<small><i>(Hover the method name to see the test class name)</i></small><p/>
<table width='100%' border='1' class='invocation-failed'>
<tr><td colspan='4' align='center'><b>FAILED CONFIGURATIONS</b></td></tr>
<tr><td><b>Test method</b></td>
<td width="30%"><b>Exception</b></td>
<td width="10%"><b>Time (seconds)</b></td>
<td><b>Instance</b></td>
</tr>
<tr>
<td title='testrunner.TestRunner.tear_down()'><b>tear_down</b><br>Test class: testrunner.TestRunner</td>
<td><div><pre>java.lang.NullPointerException
	at testrunner.TestRunner.tear_down(TestRunner.java:79)
	at java.util.concurrent.FutureTask.run(FutureTask.java:266)
	at java.util.concurrent.ThreadPoolExecutor.runWorker(ThreadPoolExecutor.java:1149)
	at java.util.concurrent.ThreadPoolExecutor$Worker.run(ThreadPoolExecutor.java:624)
	at java.lang.Thread.run(Thread.java:748)
... Removed 16 stack frames</pre></div><a href='#' onClick='toggleBox("stack-trace1626872600", this, "Click to show all stack frames", "Click to hide stack frames")'>Click to show all stack frames</a>
<div class='stack-trace' id='stack-trace1626872600'><pre>java.lang.NullPointerException
	at testrunner.TestRunner.tear_down(TestRunner.java:79)
	at sun.reflect.NativeMethodAccessorImpl.invoke0(Native Method)
	at sun.reflect.NativeMethodAccessorImpl.invoke(NativeMethodAccessorImpl.java:62)
	at sun.reflect.DelegatingMethodAccessorImpl.invoke(DelegatingMethodAccessorImpl.java:43)
	at java.lang.reflect.Method.invoke(Method.java:498)
	at org.testng.internal.MethodInvocationHelper.invokeMethod(MethodInvocationHelper.java:104)
	at org.testng.internal.Invoker.invokeConfigurationMethod(Invoker.java:515)
	at org.testng.internal.Invoker.invokeConfigurations(Invoker.java:217)
	at org.testng.internal.Invoker.invokeConfigurations(Invoker.java:144)
	at org.testng.internal.TestMethodWorker.invokeAfterClassMethods(TestMethodWorker.java:217)
	at org.testng.internal.TestMethodWorker.run(TestMethodWorker.java:115)
	at org.testng.TestRunner.privateRun(TestRunner.java:756)
	at org.testng.TestRunner.run(TestRunner.java:610)
	at org.testng.SuiteRunner.runTest(SuiteRunner.java:387)
	at org.testng.SuiteRunner.access$000(SuiteRunner.java:39)
	at org.testng.SuiteRunner$SuiteWorker.run(SuiteRunner.java:421)
	at org.testng.internal.thread.ThreadUtil$2.call(ThreadUtil.java:64)
	at java.util.concurrent.FutureTask.run(FutureTask.java:266)
	at java.util.concurrent.ThreadPoolExecutor.runWorker(ThreadPoolExecutor.java:1149)
	at java.util.concurrent.ThreadPoolExecutor$Worker.run(ThreadPoolExecutor.java:624)
	at java.lang.Thread.run(Thread.java:748)
</pre></div></td>
<td>0</td>
<td>testrunner.TestRunner@5d76b067</td></tr>
</table><p>
<table width='100%' border='1' class='invocation-skipped'>
<tr><td colspan='4' align='center'><b>SKIPPED TESTS</b></td></tr>
<tr><td><b>Test method</b></td>
<td width="30%"><b>Exception</b></td>
<td width="10%"><b>Time (seconds)</b></td>
<td><b>Instance</b></td>
</tr>
<tr>
<td title='testrunner.TestRunner.run_scenario()'><b>run_scenario</b><br>Test class: testrunner.TestRunner<br>Test method: Runs Cucumber Scenarios</td>
<td><div><pre>java.lang.RuntimeException: org.openqa.selenium.SessionNotCreatedException: session not created: This version of ChromeDriver only supports Chrome version 80
Build info: version: &apos;3.11.0&apos;, revision: &apos;e59cfb3&apos;, time: &apos;2018-03-11T20:26:55.152Z&apos;
System info: host: &apos;Nikhils-MacBook-Air.local&apos;, ip: &apos;2406:7400:54:3143:b169:a006:3eab:4c1e%en0&apos;, os.name: &apos;Mac OS X&apos;, os.arch: &apos;x86_64&apos;, os.version: &apos;10.14.5&apos;, java.version: &apos;1.8.0_211&apos;
Driver info: driver.version: ChromeDriver
remote stacktrace: 0   chromedriver                        0x0000000104767329 chromedriver + 3838761
1   chromedriver                        0x0000000104701123 chromedriver + 3420451
2   chromedriver                        0x000000010447562f chromedriver + 751151
3   chromedriver                        0x00000001043d6fa6 chromedriver + 102310
4   chromedriver                        0x00000001043d2f7f chromedriver + 85887
5   chromedriver                        0x0000000104402473 chromedriver + 279667
6   chromedriver                        0x00000001043ff2b3 chromedriver + 266931
7   chromedriver                        0x00000001043d90bd chromedriver + 110781
8   chromedriver                        0x00000001043da055 chromedriver + 114773
9   chromedriver                        0x0000000104728ebf chromedriver + 3583679
10  chromedriver                        0x0000000104735e4a chromedriver + 3636810
11  chromedriver                        0x0000000104735be7 chromedriver + 3636199
12  chromedriver                        0x000000010470c839 chromedriver + 3467321
13  chromedriver                        0x0000000104736707 chromedriver + 3639047
14  chromedriver                        0x000000010471ecc7 chromedriver + 3542215
15  chromedriver                        0x000000010474c324 chromedriver + 3728164
16  chromedriver                        0x000000010476d387 chromedriver + 3863431
17  libsystem_pthread.dylib             0x00007fff5e1342eb _pthread_body + 126
18  libsystem_pthread.dylib             0x00007fff5e137249 _pthread_start + 66
19  libsystem_pthread.dylib             0x00007fff5e13340d thread_start + 13

	at java.util.concurrent.FutureTask.run(FutureTask.java:266)
	at java.util.concurrent.ThreadPoolExecutor.runWorker(ThreadPoolExecutor.java:1149)
	at java.util.concurrent.ThreadPoolExecutor$Worker.run(ThreadPoolExecutor.java:624)
	at java.lang.Thread.run(Thread.java:748)
Caused by: org.openqa.selenium.SessionNotCreatedException: session not created: This version of ChromeDriver only supports Chrome version 80
Build info: version: &apos;3.11.0&apos;, revision: &apos;e59cfb3&apos;, time: &apos;2018-03-11T20:26:55.152Z&apos;
System info: host: &apos;Nikhils-MacBook-Air.local&apos;, ip: &apos;2406:7400:54:3143:b169:a006:3eab:4c1e%en0&apos;, os.name: &apos;Mac OS X&apos;, os.arch: &apos;x86_64&apos;, os.version: &apos;10.14.5&apos;, java.version: &apos;1.8.0_211&apos;
Driver info: driver.version: ChromeDriver
remote stacktrace: 0   chromedriver                        0x0000000104767329 chromedriver + 3838761
1   chromedriver                        0x0000000104701123 chromedriver + 3420451
2   chromedriver                        0x000000010447562f chromedriver + 751151
3   chromedriver                        0x00000001043d6fa6 chromedriver + 102310
4   chromedriver                        0x00000001043d2f7f chromedriver + 85887
5   chromedriver                        0x0000000104402473 chromedriver + 279667
6   chromedriver                        0x00000001043ff2b3 chromedriver + 266931
7   chromedriver                        0x00000001043d90bd chromedriver + 110781
8   chromedriver                        0x00000001043da055 chromedriver + 114773
9   chromedriver                        0x0000000104728ebf chromedriver + 3583679
10  chromedriver                        0x0000000104735e4a chromedriver + 3636810
11  chromedriver                        0x0000000104735be7 chromedriver + 3636199
12  chromedriver                        0x000000010470c839 chromedriver + 3467321
13  chromedriver                        0x0000000104736707 chromedriver + 3639047
14  chromedriver                        0x000000010471ecc7 chromedriver + 3542215
15  chromedriver                        0x000000010474c324 chromedriver + 3728164
16  chromedriver                        0x000000010476d387 chromedriver + 3863431
17  libsystem_pthread.dylib             0x00007fff5e1342eb _pthread_body + 126
18  libsystem_pthread.dylib             0x00007fff5e137249 _pthread_start + 66
19  libsystem_pthread.dylib             0x00007fff5e13340d thread_start + 13

	at org.openqa.selenium.remote.W3CHandshakeResponse.lambda$new$0(W3CHandshakeResponse.java:57)
	at org.openqa.selenium.remote.W3CHandshakeResponse.lambda$getResponseFunction$2(W3CHandshakeResponse.java:104)
	at org.openqa.selenium.remote.ProtocolHandshake.lambda$createSession$0(ProtocolHandshake.java:123)
	at java.util.stream.ReferencePipeline$3$1.accept(ReferencePipeline.java:193)
	at java.util.Spliterators$ArraySpliterator.tryAdvance(Spliterators.java:958)
	at java.util.stream.ReferencePipeline.forEachWithCancel(ReferencePipeline.java:126)
	at java.util.stream.AbstractPipeline.copyIntoWithCancel(AbstractPipeline.java:498)
	at java.util.stream.AbstractPipeline.copyInto(AbstractPipeline.java:485)
	at java.util.stream.AbstractPipeline.wrapAndCopyInto(AbstractPipeline.java:471)
	at java.util.stream.FindOps$FindOp.evaluateSequential(FindOps.java:152)
	at java.util.stream.AbstractPipeline.evaluate(AbstractPipeline.java:234)
	at java.util.stream.ReferencePipeline.findFirst(ReferencePipeline.java:464)
	at org.openqa.selenium.remote.ProtocolHandshake.createSession(ProtocolHandshake.java:126)
	at org.openqa.selenium.remote.ProtocolHandshake.createSession(ProtocolHandshake.java:73)
	at org.openqa.selenium.remote.HttpCommandExecutor.execute(HttpCommandExecutor.java:136)
	at org.openqa.selenium.remote.service.DriverCommandExecutor.execute(DriverCommandExecutor.java:83)
	at org.openqa.selenium.remote.RemoteWebDriver.execute(RemoteWebDriver.java:545)
	at org.openqa.selenium.remote.RemoteWebDriver.startSession(RemoteWebDriver.java:209)
	at org.openqa.selenium.remote.RemoteWebDriver.&lt;init&gt;(RemoteWebDriver.java:132)
	at org.openqa.selenium.chrome.ChromeDriver.&lt;init&gt;(ChromeDriver.java:181)
	at org.openqa.selenium.chrome.ChromeDriver.&lt;init&gt;(ChromeDriver.java:168)
	at org.openqa.selenium.chrome.ChromeDriver.&lt;init&gt;(ChromeDriver.java:123)
	at managers.WebDriverManager.createLocalDriver(WebDriverManager.java:63)
	at managers.WebDriverManager.createDriver(WebDriverManager.java:42)
	at managers.WebDriverManager.getDriver(WebDriverManager.java:36)
	at testrunner.TestRunner.scenarios(TestRunner.java:53)
	... 17 more
... Removed 25 stack frames</pre></div><a href='#' onClick='toggleBox("stack-trace169487630", this, "Click to show all stack frames", "Click to hide stack frames")'>Click to show all stack frames</a>
<div class='stack-trace' id='stack-trace169487630'><pre>java.lang.RuntimeException: org.openqa.selenium.SessionNotCreatedException: session not created: This version of ChromeDriver only supports Chrome version 80
Build info: version: &apos;3.11.0&apos;, revision: &apos;e59cfb3&apos;, time: &apos;2018-03-11T20:26:55.152Z&apos;
System info: host: &apos;Nikhils-MacBook-Air.local&apos;, ip: &apos;2406:7400:54:3143:b169:a006:3eab:4c1e%en0&apos;, os.name: &apos;Mac OS X&apos;, os.arch: &apos;x86_64&apos;, os.version: &apos;10.14.5&apos;, java.version: &apos;1.8.0_211&apos;
Driver info: driver.version: ChromeDriver
remote stacktrace: 0   chromedriver                        0x0000000104767329 chromedriver + 3838761
1   chromedriver                        0x0000000104701123 chromedriver + 3420451
2   chromedriver                        0x000000010447562f chromedriver + 751151
3   chromedriver                        0x00000001043d6fa6 chromedriver + 102310
4   chromedriver                        0x00000001043d2f7f chromedriver + 85887
5   chromedriver                        0x0000000104402473 chromedriver + 279667
6   chromedriver                        0x00000001043ff2b3 chromedriver + 266931
7   chromedriver                        0x00000001043d90bd chromedriver + 110781
8   chromedriver                        0x00000001043da055 chromedriver + 114773
9   chromedriver                        0x0000000104728ebf chromedriver + 3583679
10  chromedriver                        0x0000000104735e4a chromedriver + 3636810
11  chromedriver                        0x0000000104735be7 chromedriver + 3636199
12  chromedriver                        0x000000010470c839 chromedriver + 3467321
13  chromedriver                        0x0000000104736707 chromedriver + 3639047
14  chromedriver                        0x000000010471ecc7 chromedriver + 3542215
15  chromedriver                        0x000000010474c324 chromedriver + 3728164
16  chromedriver                        0x000000010476d387 chromedriver + 3863431
17  libsystem_pthread.dylib             0x00007fff5e1342eb _pthread_body + 126
18  libsystem_pthread.dylib             0x00007fff5e137249 _pthread_start + 66
19  libsystem_pthread.dylib             0x00007fff5e13340d thread_start + 13

	at org.testng.internal.MethodInvocationHelper.invokeMethodNoCheckedException(MethodInvocationHelper.java:49)
	at org.testng.internal.MethodInvocationHelper.invokeDataProvider(MethodInvocationHelper.java:111)
	at org.testng.internal.Parameters.handleParameters(Parameters.java:509)
	at org.testng.internal.Invoker.handleParameters(Invoker.java:1293)
	at org.testng.internal.Invoker.createParameters(Invoker.java:1020)
	at org.testng.internal.Invoker.invokeTestMethods(Invoker.java:1110)
	at org.testng.internal.TestMethodWorker.invokeTestMethods(TestMethodWorker.java:129)
	at org.testng.internal.TestMethodWorker.run(TestMethodWorker.java:112)
	at org.testng.TestRunner.privateRun(TestRunner.java:756)
	at org.testng.TestRunner.run(TestRunner.java:610)
	at org.testng.SuiteRunner.runTest(SuiteRunner.java:387)
	at org.testng.SuiteRunner.access$000(SuiteRunner.java:39)
	at org.testng.SuiteRunner$SuiteWorker.run(SuiteRunner.java:421)
	at org.testng.internal.thread.ThreadUtil$2.call(ThreadUtil.java:64)
	at java.util.concurrent.FutureTask.run(FutureTask.java:266)
	at java.util.concurrent.ThreadPoolExecutor.runWorker(ThreadPoolExecutor.java:1149)
	at java.util.concurrent.ThreadPoolExecutor$Worker.run(ThreadPoolExecutor.java:624)
	at java.lang.Thread.run(Thread.java:748)
Caused by: org.openqa.selenium.SessionNotCreatedException: session not created: This version of ChromeDriver only supports Chrome version 80
Build info: version: &apos;3.11.0&apos;, revision: &apos;e59cfb3&apos;, time: &apos;2018-03-11T20:26:55.152Z&apos;
System info: host: &apos;Nikhils-MacBook-Air.local&apos;, ip: &apos;2406:7400:54:3143:b169:a006:3eab:4c1e%en0&apos;, os.name: &apos;Mac OS X&apos;, os.arch: &apos;x86_64&apos;, os.version: &apos;10.14.5&apos;, java.version: &apos;1.8.0_211&apos;
Driver info: driver.version: ChromeDriver
remote stacktrace: 0   chromedriver                        0x0000000104767329 chromedriver + 3838761
1   chromedriver                        0x0000000104701123 chromedriver + 3420451
2   chromedriver                        0x000000010447562f chromedriver + 751151
3   chromedriver                        0x00000001043d6fa6 chromedriver + 102310
4   chromedriver                        0x00000001043d2f7f chromedriver + 85887
5   chromedriver                        0x0000000104402473 chromedriver + 279667
6   chromedriver                        0x00000001043ff2b3 chromedriver + 266931
7   chromedriver                        0x00000001043d90bd chromedriver + 110781
8   chromedriver                        0x00000001043da055 chromedriver + 114773
9   chromedriver                        0x0000000104728ebf chromedriver + 3583679
10  chromedriver                        0x0000000104735e4a chromedriver + 3636810
11  chromedriver                        0x0000000104735be7 chromedriver + 3636199
12  chromedriver                        0x000000010470c839 chromedriver + 3467321
13  chromedriver                        0x0000000104736707 chromedriver + 3639047
14  chromedriver                        0x000000010471ecc7 chromedriver + 3542215
15  chromedriver                        0x000000010474c324 chromedriver + 3728164
16  chromedriver                        0x000000010476d387 chromedriver + 3863431
17  libsystem_pthread.dylib             0x00007fff5e1342eb _pthread_body + 126
18  libsystem_pthread.dylib             0x00007fff5e137249 _pthread_start + 66
19  libsystem_pthread.dylib             0x00007fff5e13340d thread_start + 13

	at sun.reflect.NativeConstructorAccessorImpl.newInstance0(Native Method)
	at sun.reflect.NativeConstructorAccessorImpl.newInstance(NativeConstructorAccessorImpl.java:62)
	at sun.reflect.DelegatingConstructorAccessorImpl.newInstance(DelegatingConstructorAccessorImpl.java:45)
	at java.lang.reflect.Constructor.newInstance(Constructor.java:423)
	at org.openqa.selenium.remote.W3CHandshakeResponse.lambda$new$0(W3CHandshakeResponse.java:57)
	at org.openqa.selenium.remote.W3CHandshakeResponse.lambda$getResponseFunction$2(W3CHandshakeResponse.java:104)
	at org.openqa.selenium.remote.ProtocolHandshake.lambda$createSession$0(ProtocolHandshake.java:123)
	at java.util.stream.ReferencePipeline$3$1.accept(ReferencePipeline.java:193)
	at java.util.Spliterators$ArraySpliterator.tryAdvance(Spliterators.java:958)
	at java.util.stream.ReferencePipeline.forEachWithCancel(ReferencePipeline.java:126)
	at java.util.stream.AbstractPipeline.copyIntoWithCancel(AbstractPipeline.java:498)
	at java.util.stream.AbstractPipeline.copyInto(AbstractPipeline.java:485)
	at java.util.stream.AbstractPipeline.wrapAndCopyInto(AbstractPipeline.java:471)
	at java.util.stream.FindOps$FindOp.evaluateSequential(FindOps.java:152)
	at java.util.stream.AbstractPipeline.evaluate(AbstractPipeline.java:234)
	at java.util.stream.ReferencePipeline.findFirst(ReferencePipeline.java:464)
	at org.openqa.selenium.remote.ProtocolHandshake.createSession(ProtocolHandshake.java:126)
	at org.openqa.selenium.remote.ProtocolHandshake.createSession(ProtocolHandshake.java:73)
	at org.openqa.selenium.remote.HttpCommandExecutor.execute(HttpCommandExecutor.java:136)
	at org.openqa.selenium.remote.service.DriverCommandExecutor.execute(DriverCommandExecutor.java:83)
	at org.openqa.selenium.remote.RemoteWebDriver.execute(RemoteWebDriver.java:545)
	at org.openqa.selenium.remote.RemoteWebDriver.startSession(RemoteWebDriver.java:209)
	at org.openqa.selenium.remote.RemoteWebDriver.&lt;init&gt;(RemoteWebDriver.java:132)
	at org.openqa.selenium.chrome.ChromeDriver.&lt;init&gt;(ChromeDriver.java:181)
	at org.openqa.selenium.chrome.ChromeDriver.&lt;init&gt;(ChromeDriver.java:168)
	at org.openqa.selenium.chrome.ChromeDriver.&lt;init&gt;(ChromeDriver.java:123)
	at managers.WebDriverManager.createLocalDriver(WebDriverManager.java:63)
	at managers.WebDriverManager.createDriver(WebDriverManager.java:42)
	at managers.WebDriverManager.getDriver(WebDriverManager.java:36)
	at testrunner.TestRunner.scenarios(TestRunner.java:53)
	at sun.reflect.NativeMethodAccessorImpl.invoke0(Native Method)
	at sun.reflect.NativeMethodAccessorImpl.invoke(NativeMethodAccessorImpl.java:62)
	at sun.reflect.DelegatingMethodAccessorImpl.invoke(DelegatingMethodAccessorImpl.java:43)
	at java.lang.reflect.Method.invoke(Method.java:498)
	at org.testng.internal.MethodInvocationHelper.invokeMethod(MethodInvocationHelper.java:104)
	at org.testng.internal.MethodInvocationHelper.invokeMethod(MethodInvocationHelper.java:55)
	at org.testng.internal.MethodInvocationHelper.invokeMethodNoCheckedException(MethodInvocationHelper.java:45)
	... 17 more
</pre></div></td>
<td>0</td>
<td>testrunner.TestRunner@5d76b067</td></tr>
</table><p>
</body>
</html>