<?xml version="1.0" encoding="UTF-8"?>
<!-- Generated by org.testng.reporters.JUnitXMLReporter -->
<testsuite hostname="Nikhils-MacBook-Air.local" ignored="0" name="Regression Test1" tests="2" failures="2" timestamp="10 Jun 2019 03:22:47 GMT" time="0.01" errors="0">
  <testcase name="testAssert" time="0.001" classname="regression.TestAssert">
    <failure type="java.lang.AssertionError" message="expected:&amp;lt;pass&amp;gt; but was:&amp;lt;fail&amp;gt;">
      <![CDATA[java.lang.AssertionError: expected:<pass> but was:<fail>
at regression.TestAssert.testAssert(TestAssert.java:15)
... Removed 28 stack frames]]>
    </failure>
  </testcase> <!-- testAssert -->
  <testcase name="testAssert1" time="0.002" classname="regression.TestAssert">
    <failure type="java.lang.AssertionError" message="test1 expected:&amp;lt;test1&amp;gt; but was:&amp;lt;this has passed&amp;gt;">
      <![CDATA[java.lang.AssertionError: test1 expected:<test1> but was:<this has passed>
at regression.TestAssert.testAssert1(TestAssert.java:24)
... Removed 27 stack frames]]>
    </failure>
  </testcase> <!-- testAssert1 -->
</testsuite> <!-- Regression Test1 -->
