<?xml version="1.0" encoding="UTF-8"?>
<!-- Generated by org.testng.reporters.JUnitXMLReporter -->
<testsuite hostname="Nikhils-MacBook-Air.local" ignored="0" name="Regression Dependencies" tests="4" failures="1" timestamp="10 Jun 2019 03:22:52 GMT" time="0.021" errors="0">
  <testcase name="doregistration" time="0.001" classname="regression.TestDependencies">
    <failure type="java.lang.AssertionError" message="this will fail">
      <![CDATA[java.lang.AssertionError: this will fail
at regression.TestDependencies.doregistration(TestDependencies.java:15)
... Removed 27 stack frames]]>
    </failure>
  </testcase> <!-- doregistration -->
  <testcase name="dologontestcase" time="0.0" classname="regression.TestDependencies">
    <skipped/>
  </testcase> <!-- dologontestcase -->
  <testcase name="dologontestcase1" time="0.003" classname="regression.TestDependencies"/>
  <testcase name="dologontestcase2" time="0.0" classname="regression.TestDependencies">
    <skipped/>
  </testcase> <!-- dologontestcase2 -->
</testsuite> <!-- Regression Dependencies -->
